D:\YIHUA\MAYA PLUGIN\PARTICLE_FRAMEWORK - COPY\PARTICLE_FRAMEWORK -5.1 - CHANGE\PARTICLE_RENDERER\PARTICLE_RENDERER\RELEASE\BFSTREAM.OBJ
D:\yihua\Maya plugin\Particle_Framework - Copy\Particle_Framework -5.1 - change\particle_renderer\particle_renderer\Release\cl.command.1.tlog
D:\yihua\Maya plugin\Particle_Framework - Copy\Particle_Framework -5.1 - change\particle_renderer\particle_renderer\Release\CL.read.1.tlog
D:\yihua\Maya plugin\Particle_Framework - Copy\Particle_Framework -5.1 - change\particle_renderer\particle_renderer\Release\CL.write.1.tlog
D:\YIHUA\MAYA PLUGIN\PARTICLE_FRAMEWORK - COPY\PARTICLE_FRAMEWORK -5.1 - CHANGE\PARTICLE_RENDERER\PARTICLE_RENDERER\RELEASE\EXECUTE.OBJ
D:\yihua\Maya plugin\Particle_Framework - Copy\Particle_Framework -5.1 - change\particle_renderer\particle_renderer\Release\link.command.1.tlog
D:\yihua\Maya plugin\Particle_Framework - Copy\Particle_Framework -5.1 - change\particle_renderer\particle_renderer\Release\link.read.1.tlog
D:\yihua\Maya plugin\Particle_Framework - Copy\Particle_Framework -5.1 - change\particle_renderer\particle_renderer\Release\link.write.1.tlog
D:\YIHUA\MAYA PLUGIN\PARTICLE_FRAMEWORK - COPY\PARTICLE_FRAMEWORK -5.1 - CHANGE\PARTICLE_RENDERER\PARTICLE_RENDERER\RELEASE\MAIN.OBJ
D:\yihua\Maya plugin\Particle_Framework - Copy\Particle_Framework -5.1 - change\particle_renderer\particle_renderer\Release\mt.command.1.tlog
D:\yihua\Maya plugin\Particle_Framework - Copy\Particle_Framework -5.1 - change\particle_renderer\particle_renderer\Release\mt.read.1.tlog
D:\yihua\Maya plugin\Particle_Framework - Copy\Particle_Framework -5.1 - change\particle_renderer\particle_renderer\Release\mt.write.1.tlog
D:\YIHUA\MAYA PLUGIN\PARTICLE_FRAMEWORK - COPY\PARTICLE_FRAMEWORK -5.1 - CHANGE\PARTICLE_RENDERER\PARTICLE_RENDERER\RELEASE\OBJ_READER.OBJ
D:\yihua\Maya plugin\Particle_Framework - Copy\Particle_Framework -5.1 - change\particle_renderer\particle_renderer\Release\particle_renderer.exe.intermediate.manifest
D:\YIHUA\MAYA PLUGIN\PARTICLE_FRAMEWORK - COPY\PARTICLE_FRAMEWORK -5.1 - CHANGE\PARTICLE_RENDERER\PARTICLE_RENDERER\RELEASE\READ_PARTICLES.OBJ
D:\YIHUA\MAYA PLUGIN\PARTICLE_FRAMEWORK - COPY\PARTICLE_FRAMEWORK -5.1 - CHANGE\PARTICLE_RENDERER\PARTICLE_RENDERER\RELEASE\RENDER.OBJ
D:\YIHUA\MAYA PLUGIN\PARTICLE_FRAMEWORK - COPY\PARTICLE_FRAMEWORK -5.1 - CHANGE\PARTICLE_RENDERER\PARTICLE_RENDERER\RELEASE\SHADOW.OBJ
D:\YIHUA\MAYA PLUGIN\PARTICLE_FRAMEWORK - COPY\PARTICLE_FRAMEWORK -5.1 - CHANGE\PARTICLE_RENDERER\PARTICLE_RENDERER\RELEASE\VC100.PDB
D:\YIHUA\MAYA PLUGIN\PARTICLE_FRAMEWORK - COPY\PARTICLE_FRAMEWORK -5.1 - CHANGE\PARTICLE_RENDERER\PARTICLE_RENDERER\RELEASE\WRITE_SGI.OBJ
D:\YIHUA\MAYA PLUGIN\PARTICLE_FRAMEWORK - COPY\PARTICLE_FRAMEWORK -5.1 - CHANGE\RELEASE\PARTICLE_RENDERER.EXE
D:\yihua\Maya plugin\Particle_Framework - Copy\Particle_Framework -5.1 - change\Release\particle_renderer.pdb
