e:\edocuments\cis660\authoring tool\particle_framework -backup5.7 (1)\particle_framework -backup5.7\release\vc140.pdb
e:\edocuments\cis660\authoring tool\particle_framework -backup5.7 (1)\particle_framework -backup5.7\release\vec.obj
e:\edocuments\cis660\authoring tool\particle_framework -backup5.7 (1)\particle_framework -backup5.7\release\main.obj
e:\edocuments\cis660\authoring tool\particle_framework -backup5.7 (1)\particle_framework -backup5.7\release\lsystem.obj
e:\edocuments\cis660\authoring tool\particle_framework -backup5.7 (1)\particle_framework -backup5.7\bin\lsystem.exe
e:\edocuments\cis660\authoring tool\particle_framework -backup5.7 (1)\particle_framework -backup5.7\bin\lsystem.pdb
e:\edocuments\cis660\authoring tool\particle_framework -backup5.7 (1)\particle_framework -backup5.7\release\cylinder.obj
e:\edocuments\cis660\authoring tool\particle_framework -backup5.7 (1)\particle_framework -backup5.7\release\lsystemcmd.obj
e:\edocuments\cis660\authoring tool\particle_framework -backup5.7 (1)\particle_framework -backup5.7\release\particlenode.obj
e:\edocuments\cis660\authoring tool\particle_framework -backup5.7 (1)\particle_framework -backup5.7\release\pluginmain.obj
e:\edocuments\cis660\authoring tool\particle_framework -backup5.7 (1)\particle_framework -backup5.7\release\rendercmd.obj
e:\edocuments\cis660\authoring tool\particle_framework -backup5.7 (1)\particle_framework -backup5.7\release\myplugin.exp
e:\edocuments\cis660\authoring tool\particle_framework -backup5.7 (1)\particle_framework -backup5.7\release\myplugin.pdb
e:\edocuments\cis660\authoring tool\particle_framework -backup5.7 (1)\particle_framework -backup5.7\.\bin\lsystem.exe
e:\edocuments\cis660\authoring tool\particle_framework -backup5.7 (1)\particle_framework -backup5.7\release\lsystem.tlog\cl.command.1.tlog
e:\edocuments\cis660\authoring tool\particle_framework -backup5.7 (1)\particle_framework -backup5.7\release\lsystem.tlog\cl.read.1.tlog
e:\edocuments\cis660\authoring tool\particle_framework -backup5.7 (1)\particle_framework -backup5.7\release\lsystem.tlog\cl.write.1.tlog
e:\edocuments\cis660\authoring tool\particle_framework -backup5.7 (1)\particle_framework -backup5.7\release\lsystem.tlog\link.command.1.tlog
e:\edocuments\cis660\authoring tool\particle_framework -backup5.7 (1)\particle_framework -backup5.7\release\lsystem.tlog\link.read.1.tlog
e:\edocuments\cis660\authoring tool\particle_framework -backup5.7 (1)\particle_framework -backup5.7\release\lsystem.tlog\link.write.1.tlog
