  main.cpp
e:\edocuments\cis660\authoring tool\particle_framework -backup5.7 (1)\particle_framework -backup5.7\vorticity keeper\vorticity keeper\fluid_particle.h(96): warning C4244: 'argument': conversion from 'double' to 'float', possible loss of data
e:\edocuments\cis660\authoring tool\particle_framework -backup5.7 (1)\particle_framework -backup5.7\vorticity keeper\vorticity keeper\fluid_particle.h(97): warning C4244: 'argument': conversion from 'double' to 'float', possible loss of data
e:\edocuments\cis660\authoring tool\particle_framework -backup5.7 (1)\particle_framework -backup5.7\vorticity keeper\vorticity keeper\fluid_particle.h(98): warning C4244: 'argument': conversion from 'double' to 'float', possible loss of data
e:\edocuments\cis660\authoring tool\particle_framework -backup5.7 (1)\particle_framework -backup5.7\vorticity keeper\vorticity keeper\fluid_particle.h(117): warning C4244: 'initializing': conversion from 'double' to 'float', possible loss of data
e:\edocuments\cis660\authoring tool\particle_framework -backup5.7 (1)\particle_framework -backup5.7\vorticity keeper\vorticity keeper\fluid_particle.h(118): warning C4267: 'initializing': conversion from 'size_t' to 'int', possible loss of data
e:\edocuments\cis660\authoring tool\particle_framework -backup5.7 (1)\particle_framework -backup5.7\vorticity keeper\vorticity keeper\fluid_particle.h(129): warning C4244: 'initializing': conversion from 'double' to 'float', possible loss of data
e:\edocuments\cis660\authoring tool\particle_framework -backup5.7 (1)\particle_framework -backup5.7\vorticity keeper\vorticity keeper\fluid_particle.h(130): warning C4244: 'initializing': conversion from 'double' to 'float', possible loss of data
e:\edocuments\cis660\authoring tool\particle_framework -backup5.7 (1)\particle_framework -backup5.7\vorticity keeper\vorticity keeper\fluid_particle.h(131): warning C4244: 'initializing': conversion from 'double' to 'float', possible loss of data
e:\edocuments\cis660\authoring tool\particle_framework -backup5.7 (1)\particle_framework -backup5.7\vorticity keeper\vorticity keeper\fluid_particle.h(135): warning C4244: 'initializing': conversion from 'double' to 'float', possible loss of data
e:\edocuments\cis660\authoring tool\particle_framework -backup5.7 (1)\particle_framework -backup5.7\vorticity keeper\vorticity keeper\fluid_particle.h(136): warning C4244: 'initializing': conversion from 'double' to 'float', possible loss of data
e:\edocuments\cis660\authoring tool\particle_framework -backup5.7 (1)\particle_framework -backup5.7\vorticity keeper\vorticity keeper\fluid_particle.h(137): warning C4244: 'initializing': conversion from 'double' to 'float', possible loss of data
e:\edocuments\cis660\authoring tool\particle_framework -backup5.7 (1)\particle_framework -backup5.7\vorticity keeper\vorticity keeper\fluid_particle.h(191): warning C4244: 'initializing': conversion from 'double' to 'float', possible loss of data
e:\edocuments\cis660\authoring tool\particle_framework -backup5.7 (1)\particle_framework -backup5.7\vorticity keeper\vorticity keeper\fluid_particle.h(192): warning C4244: 'initializing': conversion from 'double' to 'float', possible loss of data
e:\edocuments\cis660\authoring tool\particle_framework -backup5.7 (1)\particle_framework -backup5.7\vorticity keeper\vorticity keeper\fluid_particle.h(193): warning C4244: 'initializing': conversion from 'double' to 'float', possible loss of data
e:\edocuments\cis660\authoring tool\particle_framework -backup5.7 (1)\particle_framework -backup5.7\vorticity keeper\vorticity keeper\fluid_particle.h(194): warning C4305: 'initializing': truncation from 'double' to 'float'
e:\edocuments\cis660\authoring tool\particle_framework -backup5.7 (1)\particle_framework -backup5.7\vorticity keeper\vorticity keeper\fluid_particle.h(247): warning C4244: '=': conversion from 'double' to 'float', possible loss of data
e:\edocuments\cis660\authoring tool\particle_framework -backup5.7 (1)\particle_framework -backup5.7\vorticity keeper\vorticity keeper\fluid_particle.h(308): warning C4267: 'initializing': conversion from 'size_t' to 'int', possible loss of data
e:\edocuments\cis660\authoring tool\particle_framework -backup5.7 (1)\particle_framework -backup5.7\vorticity keeper\vorticity keeper\fluid_particle.h(318): warning C4244: '=': conversion from 'double' to 'float', possible loss of data
e:\edocuments\cis660\authoring tool\particle_framework -backup5.7 (1)\particle_framework -backup5.7\vorticity keeper\vorticity keeper\fluid_particle.h(323): warning C4244: '=': conversion from 'double' to 'float', possible loss of data
e:\edocuments\cis660\authoring tool\particle_framework -backup5.7 (1)\particle_framework -backup5.7\vorticity keeper\vorticity keeper\fluid_particle.h(328): warning C4244: '=': conversion from 'double' to 'float', possible loss of data
e:\edocuments\cis660\authoring tool\particle_framework -backup5.7 (1)\particle_framework -backup5.7\vorticity keeper\vorticity keeper\fluid_particle.h(352): warning C4267: 'initializing': conversion from 'size_t' to 'int', possible loss of data
e:\edocuments\cis660\authoring tool\particle_framework -backup5.7 (1)\particle_framework -backup5.7\vorticity keeper\vorticity keeper\fluid_particle.h(384): warning C4267: 'initializing': conversion from 'size_t' to 'int', possible loss of data
e:\edocuments\cis660\authoring tool\particle_framework -backup5.7 (1)\particle_framework -backup5.7\vorticity keeper\vorticity keeper\fluid_particle.h(388): warning C4244: '=': conversion from 'double' to 'float', possible loss of data
e:\edocuments\cis660\authoring tool\particle_framework -backup5.7 (1)\particle_framework -backup5.7\vorticity keeper\vorticity keeper\fluid_particle.h(410): warning C4267: 'initializing': conversion from 'size_t' to 'int', possible loss of data
e:\edocuments\cis660\authoring tool\particle_framework -backup5.7 (1)\particle_framework -backup5.7\vorticity keeper\vorticity keeper\fluid_particle.h(425): warning C4267: '=': conversion from 'size_t' to 'int', possible loss of data
e:\edocuments\cis660\authoring tool\particle_framework -backup5.7 (1)\particle_framework -backup5.7\vorticity keeper\vorticity keeper\fluid_particle.h(455): warning C4244: 'argument': conversion from 'double' to 'float', possible loss of data
e:\edocuments\cis660\authoring tool\particle_framework -backup5.7 (1)\particle_framework -backup5.7\vorticity keeper\vorticity keeper\fluid_particle.h(456): warning C4244: 'argument': conversion from 'double' to 'float', possible loss of data
e:\edocuments\cis660\authoring tool\particle_framework -backup5.7 (1)\particle_framework -backup5.7\vorticity keeper\vorticity keeper\fluid_particle.h(457): warning C4244: 'argument': conversion from 'double' to 'float', possible loss of data
e:\edocuments\cis660\authoring tool\particle_framework -backup5.7 (1)\particle_framework -backup5.7\vorticity keeper\vorticity keeper\blas_wrapper.h(53): warning C4267: 'initializing': conversion from 'size_t' to 'int', possible loss of data
e:\edocuments\cis660\authoring tool\particle_framework -backup5.7 (1)\particle_framework -backup5.7\vorticity keeper\vorticity keeper\Smoke_solver3D.h(98): warning C4244: 'argument': conversion from 'double' to 'float', possible loss of data
e:\edocuments\cis660\authoring tool\particle_framework -backup5.7 (1)\particle_framework -backup5.7\vorticity keeper\vorticity keeper\Smoke_solver3D.h(114): warning C4244: '=': conversion from 'double' to 'float', possible loss of data
e:\edocuments\cis660\authoring tool\particle_framework -backup5.7 (1)\particle_framework -backup5.7\vorticity keeper\vorticity keeper\Smoke_solver3D.h(116): warning C4244: '=': conversion from 'double' to 'float', possible loss of data
e:\edocuments\cis660\authoring tool\particle_framework -backup5.7 (1)\particle_framework -backup5.7\vorticity keeper\vorticity keeper\Smoke_solver3D.h(138): warning C4244: '=': conversion from 'double' to 'float', possible loss of data
e:\edocuments\cis660\authoring tool\particle_framework -backup5.7 (1)\particle_framework -backup5.7\vorticity keeper\vorticity keeper\Smoke_solver3D.h(140): warning C4244: '=': conversion from 'double' to 'float', possible loss of data
e:\edocuments\cis660\authoring tool\particle_framework -backup5.7 (1)\particle_framework -backup5.7\vorticity keeper\vorticity keeper\Smoke_solver3D.h(162): warning C4244: '=': conversion from 'double' to 'float', possible loss of data
e:\edocuments\cis660\authoring tool\particle_framework -backup5.7 (1)\particle_framework -backup5.7\vorticity keeper\vorticity keeper\Smoke_solver3D.h(164): warning C4244: '=': conversion from 'double' to 'float', possible loss of data
e:\edocuments\cis660\authoring tool\particle_framework -backup5.7 (1)\particle_framework -backup5.7\vorticity keeper\vorticity keeper\Smoke_solver3D.h(231): warning C4018: '<': signed/unsigned mismatch
e:\edocuments\cis660\authoring tool\particle_framework -backup5.7 (1)\particle_framework -backup5.7\vorticity keeper\vorticity keeper\Smoke_solver3D.h(282): warning C4244: 'initializing': conversion from 'double' to 'float', possible loss of data
e:\edocuments\cis660\authoring tool\particle_framework -backup5.7 (1)\particle_framework -backup5.7\vorticity keeper\vorticity keeper\Smoke_solver3D.h(320): warning C4244: 'initializing': conversion from 'double' to 'float', possible loss of data
e:\edocuments\cis660\authoring tool\particle_framework -backup5.7 (1)\particle_framework -backup5.7\vorticity keeper\vorticity keeper\Smoke_solver3D.h(336): warning C4018: '<': signed/unsigned mismatch
e:\edocuments\cis660\authoring tool\particle_framework -backup5.7 (1)\particle_framework -backup5.7\vorticity keeper\vorticity keeper\Smoke_solver3D.h(343): warning C4018: '<': signed/unsigned mismatch
e:\edocuments\cis660\authoring tool\particle_framework -backup5.7 (1)\particle_framework -backup5.7\vorticity keeper\vorticity keeper\Smoke_solver3D.h(350): warning C4018: '<': signed/unsigned mismatch
e:\edocuments\cis660\authoring tool\particle_framework -backup5.7 (1)\particle_framework -backup5.7\vorticity keeper\vorticity keeper\Smoke_solver3D.h(605): warning C4244: '=': conversion from 'double' to 'float', possible loss of data
e:\edocuments\cis660\authoring tool\particle_framework -backup5.7 (1)\particle_framework -backup5.7\vorticity keeper\vorticity keeper\Smoke_solver3D.h(615): warning C4244: 'initializing': conversion from 'double' to 'float', possible loss of data
e:\edocuments\cis660\authoring tool\particle_framework -backup5.7 (1)\particle_framework -backup5.7\vorticity keeper\vorticity keeper\Smoke_solver3D.h(675): warning C4244: 'initializing': conversion from 'double' to 'float', possible loss of data
e:\edocuments\cis660\authoring tool\particle_framework -backup5.7 (1)\particle_framework -backup5.7\vorticity keeper\vorticity keeper\Smoke_solver3D.h(709): warning C4244: 'initializing': conversion from 'double' to 'float', possible loss of data
e:\edocuments\cis660\authoring tool\particle_framework -backup5.7 (1)\particle_framework -backup5.7\vorticity keeper\vorticity keeper\Smoke_solver3D.h(710): warning C4244: 'initializing': conversion from 'double' to 'float', possible loss of data
e:\edocuments\cis660\authoring tool\particle_framework -backup5.7 (1)\particle_framework -backup5.7\vorticity keeper\vorticity keeper\Smoke_solver3D.h(711): warning C4244: 'initializing': conversion from 'double' to 'float', possible loss of data
e:\edocuments\cis660\authoring tool\particle_framework -backup5.7 (1)\particle_framework -backup5.7\vorticity keeper\vorticity keeper\Smoke_solver3D.h(753): warning C4244: '+=': conversion from 'double' to 'float', possible loss of data
e:\edocuments\cis660\authoring tool\particle_framework -backup5.7 (1)\particle_framework -backup5.7\vorticity keeper\vorticity keeper\Smoke_solver3D.h(767): warning C4244: 'initializing': conversion from 'double' to 'float', possible loss of data
e:\edocuments\cis660\authoring tool\particle_framework -backup5.7 (1)\particle_framework -backup5.7\vorticity keeper\vorticity keeper\Smoke_solver3D.h(784): warning C4244: 'initializing': conversion from 'double' to 'float', possible loss of data
e:\edocuments\cis660\authoring tool\particle_framework -backup5.7 (1)\particle_framework -backup5.7\vorticity keeper\vorticity keeper\Smoke_solver3D.h(785): warning C4244: 'initializing': conversion from 'double' to 'float', possible loss of data
e:\edocuments\cis660\authoring tool\particle_framework -backup5.7 (1)\particle_framework -backup5.7\vorticity keeper\vorticity keeper\Smoke_solver3D.h(786): warning C4244: 'initializing': conversion from 'double' to 'float', possible loss of data
e:\edocuments\cis660\authoring tool\particle_framework -backup5.7 (1)\particle_framework -backup5.7\vorticity keeper\vorticity keeper\Smoke_solver3D.h(814): warning C4244: 'initializing': conversion from 'double' to 'float', possible loss of data
e:\edocuments\cis660\authoring tool\particle_framework -backup5.7 (1)\particle_framework -backup5.7\vorticity keeper\vorticity keeper\Smoke_solver3D.h(815): warning C4244: 'initializing': conversion from 'double' to 'float', possible loss of data
e:\edocuments\cis660\authoring tool\particle_framework -backup5.7 (1)\particle_framework -backup5.7\vorticity keeper\vorticity keeper\Smoke_solver3D.h(816): warning C4244: 'initializing': conversion from 'double' to 'float', possible loss of data
e:\edocuments\cis660\authoring tool\particle_framework -backup5.7 (1)\particle_framework -backup5.7\vorticity keeper\vorticity keeper\Smoke_solver3D.h(843): warning C4244: 'initializing': conversion from 'double' to 'float', possible loss of data
e:\edocuments\cis660\authoring tool\particle_framework -backup5.7 (1)\particle_framework -backup5.7\vorticity keeper\vorticity keeper\Smoke_solver3D.h(844): warning C4244: 'initializing': conversion from 'double' to 'float', possible loss of data
e:\edocuments\cis660\authoring tool\particle_framework -backup5.7 (1)\particle_framework -backup5.7\vorticity keeper\vorticity keeper\Smoke_solver3D.h(845): warning C4244: 'initializing': conversion from 'double' to 'float', possible loss of data
e:\edocuments\cis660\authoring tool\particle_framework -backup5.7 (1)\particle_framework -backup5.7\vorticity keeper\vorticity keeper\Smoke_solver3D.h(952): warning C4244: 'argument': conversion from 'double' to 'float', possible loss of data
e:\edocuments\cis660\authoring tool\particle_framework -backup5.7 (1)\particle_framework -backup5.7\vorticity keeper\vorticity keeper\Smoke_solver3D.h(959): warning C4244: 'argument': conversion from 'double' to 'float', possible loss of data
e:\edocuments\cis660\authoring tool\particle_framework -backup5.7 (1)\particle_framework -backup5.7\vorticity keeper\vorticity keeper\Smoke_solver3D.h(964): warning C4305: 'argument': truncation from 'double' to 'float'
e:\edocuments\cis660\authoring tool\particle_framework -backup5.7 (1)\particle_framework -backup5.7\vorticity keeper\vorticity keeper\Smoke_solver3D.h(968): warning C4305: 'argument': truncation from 'double' to 'float'
e:\edocuments\cis660\authoring tool\particle_framework -backup5.7 (1)\particle_framework -backup5.7\vorticity keeper\vorticity keeper\Smoke_solver3D.h(972): warning C4305: 'argument': truncation from 'double' to 'float'
e:\edocuments\cis660\authoring tool\particle_framework -backup5.7 (1)\particle_framework -backup5.7\vorticity keeper\vorticity keeper\Smoke_solver3D.h(1033): warning C4244: 'initializing': conversion from 'double' to 'float', possible loss of data
e:\edocuments\cis660\authoring tool\particle_framework -backup5.7 (1)\particle_framework -backup5.7\vorticity keeper\vorticity keeper\Smoke_solver3D.h(1034): warning C4244: 'initializing': conversion from 'double' to 'float', possible loss of data
e:\edocuments\cis660\authoring tool\particle_framework -backup5.7 (1)\particle_framework -backup5.7\vorticity keeper\vorticity keeper\Smoke_solver3D.h(1035): warning C4244: 'initializing': conversion from 'double' to 'float', possible loss of data
e:\edocuments\cis660\authoring tool\particle_framework -backup5.7 (1)\particle_framework -backup5.7\vorticity keeper\vorticity keeper\Smoke_solver3D.h(1042): warning C4244: 'initializing': conversion from 'double' to 'float', possible loss of data
e:\edocuments\cis660\authoring tool\particle_framework -backup5.7 (1)\particle_framework -backup5.7\vorticity keeper\vorticity keeper\Smoke_solver3D.h(1085): warning C4244: 'initializing': conversion from 'double' to 'float', possible loss of data
e:\edocuments\cis660\authoring tool\particle_framework -backup5.7 (1)\particle_framework -backup5.7\vorticity keeper\vorticity keeper\Smoke_solver3D.h(1086): warning C4244: 'initializing': conversion from 'double' to 'float', possible loss of data
e:\edocuments\cis660\authoring tool\particle_framework -backup5.7 (1)\particle_framework -backup5.7\vorticity keeper\vorticity keeper\Smoke_solver3D.h(1087): warning C4244: 'initializing': conversion from 'double' to 'float', possible loss of data
e:\edocuments\cis660\authoring tool\particle_framework -backup5.7 (1)\particle_framework -backup5.7\vorticity keeper\vorticity keeper\Smoke_solver3D.h(1119): warning C4244: '=': conversion from 'double' to 'float', possible loss of data
e:\edocuments\cis660\authoring tool\particle_framework -backup5.7 (1)\particle_framework -backup5.7\vorticity keeper\vorticity keeper\Smoke_solver3D.h(1120): warning C4244: '=': conversion from 'double' to 'float', possible loss of data
e:\edocuments\cis660\authoring tool\particle_framework -backup5.7 (1)\particle_framework -backup5.7\vorticity keeper\vorticity keeper\Smoke_solver3D.h(1121): warning C4244: '=': conversion from 'double' to 'float', possible loss of data
e:\edocuments\cis660\authoring tool\particle_framework -backup5.7 (1)\particle_framework -backup5.7\vorticity keeper\vorticity keeper\Smoke_solver3D.h(1122): warning C4244: '=': conversion from 'double' to 'float', possible loss of data
e:\edocuments\cis660\authoring tool\particle_framework -backup5.7 (1)\particle_framework -backup5.7\vorticity keeper\vorticity keeper\Smoke_solver3D.h(1123): warning C4244: '=': conversion from 'double' to 'float', possible loss of data
e:\edocuments\cis660\authoring tool\particle_framework -backup5.7 (1)\particle_framework -backup5.7\vorticity keeper\vorticity keeper\Smoke_solver3D.h(1263): warning C4244: 'argument': conversion from 'double' to 'float', possible loss of data
e:\edocuments\cis660\authoring tool\particle_framework -backup5.7 (1)\particle_framework -backup5.7\vorticity keeper\vorticity keeper\Smoke_solver3D.h(1270): warning C4244: 'argument': conversion from 'double' to 'float', possible loss of data
e:\edocuments\cis660\authoring tool\particle_framework -backup5.7 (1)\particle_framework -backup5.7\vorticity keeper\vorticity keeper\Smoke_solver3D.h(1271): warning C4101: 'res': unreferenced local variable
e:\edocuments\cis660\authoring tool\particle_framework -backup5.7 (1)\particle_framework -backup5.7\vorticity keeper\vorticity keeper\Smoke_solver3D.h(1353): warning C4244: 'initializing': conversion from 'double' to 'float', possible loss of data
e:\edocuments\cis660\authoring tool\particle_framework -backup5.7 (1)\particle_framework -backup5.7\vorticity keeper\vorticity keeper\Smoke_solver3D.h(1398): warning C4244: 'argument': conversion from 'double' to 'float', possible loss of data
e:\edocuments\cis660\authoring tool\particle_framework -backup5.7 (1)\particle_framework -backup5.7\vorticity keeper\vorticity keeper\Smoke_solver3D.h(1405): warning C4244: 'argument': conversion from 'double' to 'float', possible loss of data
e:\edocuments\cis660\authoring tool\particle_framework -backup5.7 (1)\particle_framework -backup5.7\vorticity keeper\vorticity keeper\Smoke_solver3D.h(1410): warning C4305: 'argument': truncation from 'double' to 'float'
e:\edocuments\cis660\authoring tool\particle_framework -backup5.7 (1)\particle_framework -backup5.7\vorticity keeper\vorticity keeper\Smoke_solver3D.h(1415): warning C4305: 'argument': truncation from 'double' to 'float'
e:\edocuments\cis660\authoring tool\particle_framework -backup5.7 (1)\particle_framework -backup5.7\vorticity keeper\vorticity keeper\Smoke_solver3D.h(1420): warning C4305: 'argument': truncation from 'double' to 'float'
e:\edocuments\cis660\authoring tool\particle_framework -backup5.7 (1)\particle_framework -backup5.7\vorticity keeper\vorticity keeper\Smoke_solver3D.h(1451): warning C4244: '=': conversion from 'double' to 'float', possible loss of data
e:\edocuments\cis660\authoring tool\particle_framework -backup5.7 (1)\particle_framework -backup5.7\vorticity keeper\vorticity keeper\Smoke_solver3D.h(1479): warning C4244: '=': conversion from 'double' to 'float', possible loss of data
e:\edocuments\cis660\authoring tool\particle_framework -backup5.7 (1)\particle_framework -backup5.7\vorticity keeper\vorticity keeper\Smoke_solver3D.h(1628): warning C4244: 'argument': conversion from 'double' to 'float', possible loss of data
e:\edocuments\cis660\authoring tool\particle_framework -backup5.7 (1)\particle_framework -backup5.7\vorticity keeper\vorticity keeper\Smoke_solver3D.h(1635): warning C4244: 'argument': conversion from 'double' to 'float', possible loss of data
e:\edocuments\cis660\authoring tool\particle_framework -backup5.7 (1)\particle_framework -backup5.7\vorticity keeper\vorticity keeper\Smoke_solver3D.h(1640): warning C4305: 'argument': truncation from 'double' to 'float'
e:\edocuments\cis660\authoring tool\particle_framework -backup5.7 (1)\particle_framework -backup5.7\vorticity keeper\vorticity keeper\Smoke_solver3D.h(1644): warning C4305: 'argument': truncation from 'double' to 'float'
e:\edocuments\cis660\authoring tool\particle_framework -backup5.7 (1)\particle_framework -backup5.7\vorticity keeper\vorticity keeper\Smoke_solver3D.h(1648): warning C4305: 'argument': truncation from 'double' to 'float'
e:\edocuments\cis660\authoring tool\particle_framework -backup5.7 (1)\particle_framework -backup5.7\vorticity keeper\vorticity keeper\Smoke_solver3D.h(1684): warning C4244: '=': conversion from 'double' to 'float', possible loss of data
e:\edocuments\cis660\authoring tool\particle_framework -backup5.7 (1)\particle_framework -backup5.7\vorticity keeper\vorticity keeper\Smoke_solver3D.h(1706): warning C4244: '=': conversion from 'double' to 'float', possible loss of data
e:\edocuments\cis660\authoring tool\particle_framework -backup5.7 (1)\particle_framework -backup5.7\vorticity keeper\vorticity keeper\Smoke_solver3D.h(1714): warning C4244: 'initializing': conversion from 'double' to 'float', possible loss of data
e:\edocuments\cis660\authoring tool\particle_framework -backup5.7 (1)\particle_framework -backup5.7\vorticity keeper\vorticity keeper\Smoke_solver3D.h(1806): warning C4244: 'initializing': conversion from 'double' to 'float', possible loss of data
e:\edocuments\cis660\authoring tool\particle_framework -backup5.7 (1)\particle_framework -backup5.7\vorticity keeper\vorticity keeper\Smoke_solver3D.h(1807): warning C4244: 'initializing': conversion from 'double' to 'float', possible loss of data
e:\edocuments\cis660\authoring tool\particle_framework -backup5.7 (1)\particle_framework -backup5.7\vorticity keeper\vorticity keeper\Smoke_solver3D.h(1808): warning C4244: 'initializing': conversion from 'double' to 'float', possible loss of data
e:\edocuments\cis660\authoring tool\particle_framework -backup5.7 (1)\particle_framework -backup5.7\vorticity keeper\vorticity keeper\Smoke_solver3D.h(1816): warning C4244: 'initializing': conversion from 'double' to 'float', possible loss of data
e:\edocuments\cis660\authoring tool\particle_framework -backup5.7 (1)\particle_framework -backup5.7\vorticity keeper\vorticity keeper\Smoke_solver3D.h(1849): warning C4244: 'initializing': conversion from 'double' to 'float', possible loss of data
e:\edocuments\cis660\authoring tool\particle_framework -backup5.7 (1)\particle_framework -backup5.7\vorticity keeper\vorticity keeper\Smoke_solver3D.h(1850): warning C4244: 'initializing': conversion from 'double' to 'float', possible loss of data
e:\edocuments\cis660\authoring tool\particle_framework -backup5.7 (1)\particle_framework -backup5.7\vorticity keeper\vorticity keeper\Smoke_solver3D.h(1851): warning C4244: 'initializing': conversion from 'double' to 'float', possible loss of data
e:\edocuments\cis660\authoring tool\particle_framework -backup5.7 (1)\particle_framework -backup5.7\vorticity keeper\vorticity keeper\Smoke_solver3D.h(1859): warning C4244: 'initializing': conversion from 'double' to 'float', possible loss of data
e:\edocuments\cis660\authoring tool\particle_framework -backup5.7 (1)\particle_framework -backup5.7\vorticity keeper\vorticity keeper\Smoke_solver3D.h(1860): warning C4244: 'initializing': conversion from 'double' to 'float', possible loss of data
e:\edocuments\cis660\authoring tool\particle_framework -backup5.7 (1)\particle_framework -backup5.7\vorticity keeper\vorticity keeper\Smoke_solver3D.h(1861): warning C4244: 'initializing': conversion from 'double' to 'float', possible loss of data
e:\edocuments\cis660\authoring tool\particle_framework -backup5.7 (1)\particle_framework -backup5.7\vorticity keeper\vorticity keeper\Smoke_solver3D.h(1895): warning C4244: 'initializing': conversion from 'double' to 'float', possible loss of data
e:\edocuments\cis660\authoring tool\particle_framework -backup5.7 (1)\particle_framework -backup5.7\vorticity keeper\vorticity keeper\Smoke_solver3D.h(1896): warning C4244: 'initializing': conversion from 'double' to 'float', possible loss of data
e:\edocuments\cis660\authoring tool\particle_framework -backup5.7 (1)\particle_framework -backup5.7\vorticity keeper\vorticity keeper\Smoke_solver3D.h(1897): warning C4244: 'initializing': conversion from 'double' to 'float', possible loss of data
e:\edocuments\cis660\authoring tool\particle_framework -backup5.7 (1)\particle_framework -backup5.7\vorticity keeper\vorticity keeper\Smoke_solver3D.h(1937): warning C4244: 'initializing': conversion from 'double' to 'float', possible loss of data
e:\edocuments\cis660\authoring tool\particle_framework -backup5.7 (1)\particle_framework -backup5.7\vorticity keeper\vorticity keeper\Smoke_solver3D.h(1938): warning C4244: 'initializing': conversion from 'double' to 'float', possible loss of data
e:\edocuments\cis660\authoring tool\particle_framework -backup5.7 (1)\particle_framework -backup5.7\vorticity keeper\vorticity keeper\Smoke_solver3D.h(1939): warning C4244: 'initializing': conversion from 'double' to 'float', possible loss of data
e:\edocuments\cis660\authoring tool\particle_framework -backup5.7 (1)\particle_framework -backup5.7\vorticity keeper\vorticity keeper\Smoke_solver3D.h(1947): warning C4244: 'initializing': conversion from 'double' to 'float', possible loss of data
e:\edocuments\cis660\authoring tool\particle_framework -backup5.7 (1)\particle_framework -backup5.7\vorticity keeper\vorticity keeper\Smoke_solver3D.h(1982): warning C4244: 'initializing': conversion from 'double' to 'float', possible loss of data
e:\edocuments\cis660\authoring tool\particle_framework -backup5.7 (1)\particle_framework -backup5.7\vorticity keeper\vorticity keeper\Smoke_solver3D.h(1983): warning C4244: 'initializing': conversion from 'double' to 'float', possible loss of data
e:\edocuments\cis660\authoring tool\particle_framework -backup5.7 (1)\particle_framework -backup5.7\vorticity keeper\vorticity keeper\Smoke_solver3D.h(1984): warning C4244: 'initializing': conversion from 'double' to 'float', possible loss of data
e:\edocuments\cis660\authoring tool\particle_framework -backup5.7 (1)\particle_framework -backup5.7\vorticity keeper\vorticity keeper\Smoke_solver3D.h(2027): warning C4244: 'initializing': conversion from 'double' to 'float', possible loss of data
e:\edocuments\cis660\authoring tool\particle_framework -backup5.7 (1)\particle_framework -backup5.7\vorticity keeper\vorticity keeper\Smoke_solver3D.h(2028): warning C4244: 'initializing': conversion from 'double' to 'float', possible loss of data
e:\edocuments\cis660\authoring tool\particle_framework -backup5.7 (1)\particle_framework -backup5.7\vorticity keeper\vorticity keeper\Smoke_solver3D.h(2029): warning C4244: 'initializing': conversion from 'double' to 'float', possible loss of data
e:\edocuments\cis660\authoring tool\particle_framework -backup5.7 (1)\particle_framework -backup5.7\vorticity keeper\vorticity keeper\Smoke_solver3D.h(2037): warning C4244: 'initializing': conversion from 'double' to 'float', possible loss of data
e:\edocuments\cis660\authoring tool\particle_framework -backup5.7 (1)\particle_framework -backup5.7\vorticity keeper\vorticity keeper\Smoke_solver3D.h(2153): warning C4305: 'argument': truncation from 'double' to 'float'
e:\edocuments\cis660\authoring tool\particle_framework -backup5.7 (1)\particle_framework -backup5.7\vorticity keeper\vorticity keeper\Smoke_solver3D.h(2157): warning C4305: 'argument': truncation from 'double' to 'float'
e:\edocuments\cis660\authoring tool\particle_framework -backup5.7 (1)\particle_framework -backup5.7\vorticity keeper\vorticity keeper\Smoke_solver3D.h(2161): warning C4305: 'argument': truncation from 'double' to 'float'
e:\edocuments\cis660\authoring tool\particle_framework -backup5.7 (1)\particle_framework -backup5.7\vorticity keeper\vorticity keeper\Smoke_solver3D.h(2183): warning C4244: 'initializing': conversion from 'double' to 'float', possible loss of data
e:\edocuments\cis660\authoring tool\particle_framework -backup5.7 (1)\particle_framework -backup5.7\vorticity keeper\vorticity keeper\Smoke_solver3D.h(2274): warning C4244: 'initializing': conversion from 'double' to 'float', possible loss of data
e:\edocuments\cis660\authoring tool\particle_framework -backup5.7 (1)\particle_framework -backup5.7\vorticity keeper\vorticity keeper\Smoke_solver3D.h(2275): warning C4018: '>': signed/unsigned mismatch
e:\edocuments\cis660\authoring tool\particle_framework -backup5.7 (1)\particle_framework -backup5.7\vorticity keeper\vorticity keeper\Smoke_solver3D.h(2299): warning C4244: 'initializing': conversion from 'double' to 'float', possible loss of data
e:\edocuments\cis660\authoring tool\particle_framework -backup5.7 (1)\particle_framework -backup5.7\vorticity keeper\vorticity keeper\Smoke_solver3D.h(2311): warning C4244: 'initializing': conversion from 'double' to 'float', possible loss of data
e:\edocuments\cis660\authoring tool\particle_framework -backup5.7 (1)\particle_framework -backup5.7\vorticity keeper\vorticity keeper\Smoke_solver3D.h(2364): warning C4244: 'initializing': conversion from 'double' to 'float', possible loss of data
e:\edocuments\cis660\authoring tool\particle_framework -backup5.7 (1)\particle_framework -backup5.7\vorticity keeper\vorticity keeper\Smoke_solver3D.h(2366): warning C4244: 'initializing': conversion from 'double' to 'float', possible loss of data
e:\edocuments\cis660\authoring tool\particle_framework -backup5.7 (1)\particle_framework -backup5.7\vorticity keeper\vorticity keeper\Smoke_solver3D.h(2378): warning C4244: 'initializing': conversion from 'double' to 'float', possible loss of data
e:\edocuments\cis660\authoring tool\particle_framework -backup5.7 (1)\particle_framework -backup5.7\vorticity keeper\vorticity keeper\Smoke_solver3D.h(2384): warning C4244: 'initializing': conversion from 'double' to 'float', possible loss of data
e:\edocuments\cis660\authoring tool\particle_framework -backup5.7 (1)\particle_framework -backup5.7\vorticity keeper\vorticity keeper\Smoke_solver3D.h(2385): warning C4244: 'initializing': conversion from 'double' to 'float', possible loss of data
e:\edocuments\cis660\authoring tool\particle_framework -backup5.7 (1)\particle_framework -backup5.7\vorticity keeper\vorticity keeper\Smoke_solver3D.h(2386): warning C4244: 'initializing': conversion from 'double' to 'float', possible loss of data
e:\edocuments\cis660\authoring tool\particle_framework -backup5.7 (1)\particle_framework -backup5.7\vorticity keeper\vorticity keeper\Smoke_solver3D.h(2396): warning C4244: 'initializing': conversion from 'double' to 'float', possible loss of data
e:\edocuments\cis660\authoring tool\particle_framework -backup5.7 (1)\particle_framework -backup5.7\vorticity keeper\vorticity keeper\Smoke_solver3D.h(2431): warning C4244: 'initializing': conversion from 'double' to 'float', possible loss of data
e:\edocuments\cis660\authoring tool\particle_framework -backup5.7 (1)\particle_framework -backup5.7\vorticity keeper\vorticity keeper\Smoke_solver3D.h(2437): warning C4244: 'initializing': conversion from 'double' to 'float', possible loss of data
e:\edocuments\cis660\authoring tool\particle_framework -backup5.7 (1)\particle_framework -backup5.7\vorticity keeper\vorticity keeper\Smoke_solver3D.h(2438): warning C4244: 'initializing': conversion from 'double' to 'float', possible loss of data
e:\edocuments\cis660\authoring tool\particle_framework -backup5.7 (1)\particle_framework -backup5.7\vorticity keeper\vorticity keeper\Smoke_solver3D.h(2439): warning C4244: 'initializing': conversion from 'double' to 'float', possible loss of data
e:\edocuments\cis660\authoring tool\particle_framework -backup5.7 (1)\particle_framework -backup5.7\vorticity keeper\vorticity keeper\Smoke_solver3D.h(2449): warning C4244: 'initializing': conversion from 'double' to 'float', possible loss of data
e:\edocuments\cis660\authoring tool\particle_framework -backup5.7 (1)\particle_framework -backup5.7\vorticity keeper\vorticity keeper\Smoke_solver3D.h(2484): warning C4244: 'initializing': conversion from 'double' to 'float', possible loss of data
e:\edocuments\cis660\authoring tool\particle_framework -backup5.7 (1)\particle_framework -backup5.7\vorticity keeper\vorticity keeper\Smoke_solver3D.h(2490): warning C4244: 'initializing': conversion from 'double' to 'float', possible loss of data
e:\edocuments\cis660\authoring tool\particle_framework -backup5.7 (1)\particle_framework -backup5.7\vorticity keeper\vorticity keeper\Smoke_solver3D.h(2491): warning C4244: 'initializing': conversion from 'double' to 'float', possible loss of data
e:\edocuments\cis660\authoring tool\particle_framework -backup5.7 (1)\particle_framework -backup5.7\vorticity keeper\vorticity keeper\Smoke_solver3D.h(2492): warning C4244: 'initializing': conversion from 'double' to 'float', possible loss of data
e:\edocuments\cis660\authoring tool\particle_framework -backup5.7 (1)\particle_framework -backup5.7\vorticity keeper\vorticity keeper\Smoke_solver3D.h(2502): warning C4244: 'initializing': conversion from 'double' to 'float', possible loss of data
e:\edocuments\cis660\authoring tool\particle_framework -backup5.7 (1)\particle_framework -backup5.7\vorticity keeper\vorticity keeper\Smoke_solver3D.h(2561): warning C4244: 'initializing': conversion from 'double' to 'float', possible loss of data
e:\edocuments\cis660\authoring tool\particle_framework -backup5.7 (1)\particle_framework -backup5.7\vorticity keeper\vorticity keeper\Smoke_solver3D.h(2575): warning C4305: '=': truncation from 'double' to 'float'
e:\edocuments\cis660\authoring tool\particle_framework -backup5.7 (1)\particle_framework -backup5.7\vorticity keeper\vorticity keeper\Smoke_solver3D.h(2577): warning C4244: 'initializing': conversion from 'double' to 'float', possible loss of data
e:\edocuments\cis660\authoring tool\particle_framework -backup5.7 (1)\particle_framework -backup5.7\vorticity keeper\vorticity keeper\Smoke_solver3D.h(2620): warning C4244: 'argument': conversion from 'double' to 'float', possible loss of data
e:\edocuments\cis660\authoring tool\particle_framework -backup5.7 (1)\particle_framework -backup5.7\vorticity keeper\vorticity keeper\Smoke_solver3D.h(2621): warning C4244: 'argument': conversion from 'double' to 'float', possible loss of data
e:\edocuments\cis660\authoring tool\particle_framework -backup5.7 (1)\particle_framework -backup5.7\vorticity keeper\vorticity keeper\Smoke_solver3D.h(2626): warning C4244: 'argument': conversion from 'double' to 'float', possible loss of data
e:\edocuments\cis660\authoring tool\particle_framework -backup5.7 (1)\particle_framework -backup5.7\vorticity keeper\vorticity keeper\Smoke_solver3D.h(2628): warning C4244: 'argument': conversion from 'double' to 'float', possible loss of data
e:\edocuments\cis660\authoring tool\particle_framework -backup5.7 (1)\particle_framework -backup5.7\vorticity keeper\vorticity keeper\Smoke_solver3D.h(2653): warning C4244: 'argument': conversion from 'double' to 'float', possible loss of data
e:\edocuments\cis660\authoring tool\particle_framework -backup5.7 (1)\particle_framework -backup5.7\vorticity keeper\vorticity keeper\Smoke_solver3D.h(2654): warning C4244: 'argument': conversion from 'double' to 'float', possible loss of data
e:\edocuments\cis660\authoring tool\particle_framework -backup5.7 (1)\particle_framework -backup5.7\vorticity keeper\vorticity keeper\Smoke_solver3D.h(2659): warning C4244: 'argument': conversion from 'double' to 'float', possible loss of data
e:\edocuments\cis660\authoring tool\particle_framework -backup5.7 (1)\particle_framework -backup5.7\vorticity keeper\vorticity keeper\Smoke_solver3D.h(2661): warning C4244: 'argument': conversion from 'double' to 'float', possible loss of data
e:\edocuments\cis660\authoring tool\particle_framework -backup5.7 (1)\particle_framework -backup5.7\vorticity keeper\vorticity keeper\Smoke_solver3D.h(2690): warning C4244: 'initializing': conversion from 'double' to 'float', possible loss of data
e:\edocuments\cis660\authoring tool\particle_framework -backup5.7 (1)\particle_framework -backup5.7\vorticity keeper\vorticity keeper\Smoke_solver3D.h(2695): warning C4244: '=': conversion from 'double' to 'float', possible loss of data
e:\edocuments\cis660\authoring tool\particle_framework -backup5.7 (1)\particle_framework -backup5.7\vorticity keeper\vorticity keeper\Smoke_solver3D.h(2760): warning C4244: '+=': conversion from 'double' to 'float', possible loss of data
e:\edocuments\cis660\authoring tool\particle_framework -backup5.7 (1)\particle_framework -backup5.7\vorticity keeper\vorticity keeper\Smoke_solver3D.h(2813): warning C4244: '+=': conversion from 'double' to 'float', possible loss of data
e:\edocuments\cis660\authoring tool\particle_framework -backup5.7 (1)\particle_framework -backup5.7\vorticity keeper\vorticity keeper\Smoke_solver3D.h(2832): warning C4244: '+=': conversion from 'double' to 'float', possible loss of data
e:\edocuments\cis660\authoring tool\particle_framework -backup5.7 (1)\particle_framework -backup5.7\vorticity keeper\vorticity keeper\Smoke_solver3D.h(2849): warning C4305: 'argument': truncation from 'double' to 'float'
e:\edocuments\cis660\authoring tool\particle_framework -backup5.7 (1)\particle_framework -backup5.7\vorticity keeper\vorticity keeper\Smoke_solver3D.h(3006): warning C4018: '<': signed/unsigned mismatch
e:\edocuments\cis660\authoring tool\particle_framework -backup5.7 (1)\particle_framework -backup5.7\vorticity keeper\vorticity keeper\Smoke_solver3D.h(3026): warning C4018: '<': signed/unsigned mismatch
e:\edocuments\cis660\authoring tool\particle_framework -backup5.7 (1)\particle_framework -backup5.7\vorticity keeper\vorticity keeper\Smoke_solver3D.h(3046): warning C4018: '<': signed/unsigned mismatch
e:\edocuments\cis660\authoring tool\particle_framework -backup5.7 (1)\particle_framework -backup5.7\vorticity keeper\vorticity keeper\Smoke_solver3D.h(3089): warning C4018: '<': signed/unsigned mismatch
e:\edocuments\cis660\authoring tool\particle_framework -backup5.7 (1)\particle_framework -backup5.7\vorticity keeper\vorticity keeper\Smoke_solver3D.h(3105): warning C4018: '<': signed/unsigned mismatch
e:\edocuments\cis660\authoring tool\particle_framework -backup5.7 (1)\particle_framework -backup5.7\vorticity keeper\vorticity keeper\Smoke_solver3D.h(3121): warning C4018: '<': signed/unsigned mismatch
e:\edocuments\cis660\authoring tool\particle_framework -backup5.7 (1)\particle_framework -backup5.7\vorticity keeper\vorticity keeper\Smoke_solver3D.h(3135): warning C4244: 'initializing': conversion from 'double' to 'float', possible loss of data
e:\edocuments\cis660\authoring tool\particle_framework -backup5.7 (1)\particle_framework -backup5.7\vorticity keeper\vorticity keeper\Smoke_solver3D.h(3218): warning C4244: '=': conversion from 'double' to 'float', possible loss of data
e:\edocuments\cis660\authoring tool\particle_framework -backup5.7 (1)\particle_framework -backup5.7\vorticity keeper\vorticity keeper\Smoke_solver3D.h(3227): warning C4244: 'initializing': conversion from 'double' to 'float', possible loss of data
main.cpp(217): warning C4244: 'argument': conversion from 'double' to 'float', possible loss of data
main.cpp(226): warning C4244: 'initializing': conversion from 'double' to 'float', possible loss of data
main.cpp(236): warning C4305: 'argument': truncation from 'double' to 'float'
e:\edocuments\cis660\authoring tool\particle_framework -backup5.7 (1)\particle_framework -backup5.7\vorticity keeper\vorticity keeper\GeometricLevelGen.h(88): warning C4244: '=': conversion from 'double' to 'int', possible loss of data
  e:\edocuments\cis660\authoring tool\particle_framework -backup5.7 (1)\particle_framework -backup5.7\vorticity keeper\vorticity keeper\GeometricLevelGen.h(72): note: while compiling class template member function 'void levelGen<double>::generateLevelsGalerkinCoarsening(std::vector<FixedSparseMatrix<double> *,std::allocator<_Ty>> &,std::vector<_Ty,std::allocator<_Ty>> &,std::vector<_Ty,std::allocator<_Ty>> &,std::vector<Vec3i,std::allocator<Vec<3,int>>> &,int &,FixedSparseMatrix<double> &,int,int,int)'
          with
          [
              _Ty=FixedSparseMatrix<double> *
          ]
  e:\edocuments\cis660\authoring tool\particle_framework -backup5.7 (1)\particle_framework -backup5.7\vorticity keeper\vorticity keeper\Smoke_solver3D.h(560): note: see reference to function template instantiation 'void levelGen<double>::generateLevelsGalerkinCoarsening(std::vector<FixedSparseMatrix<double> *,std::allocator<_Ty>> &,std::vector<_Ty,std::allocator<_Ty>> &,std::vector<_Ty,std::allocator<_Ty>> &,std::vector<Vec3i,std::allocator<Vec<3,int>>> &,int &,FixedSparseMatrix<double> &,int,int,int)' being compiled
          with
          [
              _Ty=FixedSparseMatrix<double> *
          ]
  e:\edocuments\cis660\authoring tool\particle_framework -backup5.7 (1)\particle_framework -backup5.7\vorticity keeper\vorticity keeper\Smoke_solver3D.h(200): note: see reference to class template instantiation 'levelGen<double>' being compiled
e:\edocuments\cis660\authoring tool\particle_framework -backup5.7 (1)\particle_framework -backup5.7\vorticity keeper\vorticity keeper\GeometricLevelGen.h(89): warning C4244: '=': conversion from 'double' to 'int', possible loss of data
e:\edocuments\cis660\authoring tool\particle_framework -backup5.7 (1)\particle_framework -backup5.7\vorticity keeper\vorticity keeper\GeometricLevelGen.h(90): warning C4244: '=': conversion from 'double' to 'int', possible loss of data
e:\edocuments\cis660\authoring tool\particle_framework -backup5.7 (1)\particle_framework -backup5.7\vorticity keeper\vorticity keeper\sparse_matrix.h(299): warning C4267: '=': conversion from 'size_t' to 'unsigned int', possible loss of data
  e:\edocuments\cis660\authoring tool\particle_framework -backup5.7 (1)\particle_framework -backup5.7\vorticity keeper\vorticity keeper\sparse_matrix.h(295): note: while compiling class template member function 'void FixedSparseMatrix<double>::construct_from_matrix(const SparseMatrix<double> &)'
  e:\edocuments\cis660\authoring tool\particle_framework -backup5.7 (1)\particle_framework -backup5.7\vorticity keeper\vorticity keeper\Smoke_solver3D.h(558): note: see reference to function template instantiation 'void FixedSparseMatrix<double>::construct_from_matrix(const SparseMatrix<double> &)' being compiled
  e:\edocuments\cis660\authoring tool\particle_framework -backup5.7 (1)\particle_framework -backup5.7\vorticity keeper\vorticity keeper\Smoke_solver3D.h(201): note: see reference to class template instantiation 'FixedSparseMatrix<double>' being compiled
e:\edocuments\cis660\authoring tool\particle_framework -backup5.7 (1)\particle_framework -backup5.7\vorticity keeper\vorticity keeper\fluid_buffer3D.h(106): warning C4018: '<': signed/unsigned mismatch
  e:\edocuments\cis660\authoring tool\particle_framework -backup5.7 (1)\particle_framework -backup5.7\vorticity keeper\vorticity keeper\fluid_buffer3D.h(85): note: while compiling class template member function 'void Buffer3D<char>::init(uint,uint,uint)'
  e:\edocuments\cis660\authoring tool\particle_framework -backup5.7 (1)\particle_framework -backup5.7\vorticity keeper\vorticity keeper\Smoke_solver3D.h(448): note: see reference to function template instantiation 'void Buffer3D<char>::init(uint,uint,uint)' being compiled
  e:\edocuments\cis660\authoring tool\particle_framework -backup5.7 (1)\particle_framework -backup5.7\vorticity keeper\vorticity keeper\fluid_particle.h(361): note: see reference to class template instantiation 'Buffer3D<char>' being compiled
e:\edocuments\cis660\authoring tool\particle_framework -backup5.7 (1)\particle_framework -backup5.7\vorticity keeper\vorticity keeper\fluid_buffer3D.h(110): warning C4018: '<': signed/unsigned mismatch
e:\edocuments\cis660\authoring tool\particle_framework -backup5.7 (1)\particle_framework -backup5.7\vorticity keeper\vorticity keeper\fluid_buffer3D.h(110): warning C4018: '<': signed/unsigned mismatch
e:\edocuments\cis660\authoring tool\particle_framework -backup5.7 (1)\particle_framework -backup5.7\vorticity keeper\vorticity keeper\fluid_buffer3D.h(114): warning C4018: '<': signed/unsigned mismatch
e:\edocuments\cis660\authoring tool\particle_framework -backup5.7 (1)\particle_framework -backup5.7\vorticity keeper\vorticity keeper\fluid_buffer3D.h(114): warning C4018: '<': signed/unsigned mismatch
e:\edocuments\cis660\authoring tool\particle_framework -backup5.7 (1)\particle_framework -backup5.7\vorticity keeper\vorticity keeper\fluid_buffer3D.h(114): warning C4018: '<': signed/unsigned mismatch
e:\edocuments\cis660\authoring tool\particle_framework -backup5.7 (1)\particle_framework -backup5.7\vorticity keeper\vorticity keeper\fluid_buffer3D.h(345): warning C4244: 'argument': conversion from 'double' to 'float', possible loss of data
  e:\edocuments\cis660\authoring tool\particle_framework -backup5.7 (1)\particle_framework -backup5.7\vorticity keeper\vorticity keeper\fluid_buffer3D.h(327): note: while compiling class template member function 'float Buffer3D<float>::sample_cube_lerp(double,double,double,float &,float &,float &,float &,float &,float &,float &,float &)'
  e:\edocuments\cis660\authoring tool\particle_framework -backup5.7 (1)\particle_framework -backup5.7\vorticity keeper\vorticity keeper\Smoke_solver3D.h(1051): note: see reference to function template instantiation 'float Buffer3D<float>::sample_cube_lerp(double,double,double,float &,float &,float &,float &,float &,float &,float &,float &)' being compiled
  e:\edocuments\cis660\authoring tool\particle_framework -backup5.7 (1)\particle_framework -backup5.7\vorticity keeper\vorticity keeper\fluid_particle.h(72): note: see reference to class template instantiation 'Buffer3D<float>' being compiled
e:\edocuments\cis660\authoring tool\particle_framework -backup5.7 (1)\particle_framework -backup5.7\vorticity keeper\vorticity keeper\fluid_buffer3D.h(346): warning C4244: 'argument': conversion from 'double' to 'float', possible loss of data
e:\edocuments\cis660\authoring tool\particle_framework -backup5.7 (1)\particle_framework -backup5.7\vorticity keeper\vorticity keeper\fluid_buffer3D.h(347): warning C4244: 'argument': conversion from 'double' to 'float', possible loss of data
e:\edocuments\cis660\authoring tool\particle_framework -backup5.7 (1)\particle_framework -backup5.7\vorticity keeper\vorticity keeper\fluid_buffer3D.h(348): warning C4244: 'argument': conversion from 'double' to 'float', possible loss of data
e:\edocuments\cis660\authoring tool\particle_framework -backup5.7 (1)\particle_framework -backup5.7\vorticity keeper\vorticity keeper\fluid_buffer3D.h(349): warning C4244: 'argument': conversion from 'double' to 'float', possible loss of data
e:\edocuments\cis660\authoring tool\particle_framework -backup5.7 (1)\particle_framework -backup5.7\vorticity keeper\vorticity keeper\fluid_buffer3D.h(350): warning C4244: 'argument': conversion from 'double' to 'float', possible loss of data
e:\edocuments\cis660\authoring tool\particle_framework -backup5.7 (1)\particle_framework -backup5.7\vorticity keeper\vorticity keeper\fluid_buffer3D.h(351): warning C4244: 'argument': conversion from 'double' to 'float', possible loss of data
e:\edocuments\cis660\authoring tool\particle_framework -backup5.7 (1)\particle_framework -backup5.7\vorticity keeper\vorticity keeper\fluid_buffer3D.h(266): warning C4244: 'argument': conversion from 'double' to 'float', possible loss of data
  e:\edocuments\cis660\authoring tool\particle_framework -backup5.7 (1)\particle_framework -backup5.7\vorticity keeper\vorticity keeper\fluid_buffer3D.h(252): note: while compiling class template member function 'float Buffer3D<float>::sample_cubic(double,double,double)'
  e:\edocuments\cis660\authoring tool\particle_framework -backup5.7 (1)\particle_framework -backup5.7\vorticity keeper\vorticity keeper\Smoke_solver3D.h(1999): note: see reference to function template instantiation 'float Buffer3D<float>::sample_cubic(double,double,double)' being compiled
e:\edocuments\cis660\authoring tool\particle_framework -backup5.7 (1)\particle_framework -backup5.7\vorticity keeper\vorticity keeper\fluid_buffer3D.h(268): warning C4244: 'argument': conversion from 'double' to 'float', possible loss of data
e:\edocuments\cis660\authoring tool\particle_framework -backup5.7 (1)\particle_framework -backup5.7\vorticity keeper\vorticity keeper\fluid_buffer3D.h(270): warning C4244: 'argument': conversion from 'double' to 'float', possible loss of data
e:\edocuments\cis660\authoring tool\particle_framework -backup5.7 (1)\particle_framework -backup5.7\vorticity keeper\vorticity keeper\fluid_buffer3D.h(272): warning C4244: 'argument': conversion from 'double' to 'float', possible loss of data
e:\edocuments\cis660\authoring tool\particle_framework -backup5.7 (1)\particle_framework -backup5.7\vorticity keeper\vorticity keeper\fluid_buffer3D.h(274): warning C4244: 'argument': conversion from 'double' to 'float', possible loss of data
e:\edocuments\cis660\authoring tool\particle_framework -backup5.7 (1)\particle_framework -backup5.7\vorticity keeper\vorticity keeper\fluid_buffer3D.h(277): warning C4244: 'argument': conversion from 'double' to 'float', possible loss of data
e:\edocuments\cis660\authoring tool\particle_framework -backup5.7 (1)\particle_framework -backup5.7\vorticity keeper\vorticity keeper\fluid_buffer3D.h(279): warning C4244: 'argument': conversion from 'double' to 'float', possible loss of data
e:\edocuments\cis660\authoring tool\particle_framework -backup5.7 (1)\particle_framework -backup5.7\vorticity keeper\vorticity keeper\fluid_buffer3D.h(281): warning C4244: 'argument': conversion from 'double' to 'float', possible loss of data
e:\edocuments\cis660\authoring tool\particle_framework -backup5.7 (1)\particle_framework -backup5.7\vorticity keeper\vorticity keeper\fluid_buffer3D.h(283): warning C4244: 'argument': conversion from 'double' to 'float', possible loss of data
e:\edocuments\cis660\authoring tool\particle_framework -backup5.7 (1)\particle_framework -backup5.7\vorticity keeper\vorticity keeper\fluid_buffer3D.h(285): warning C4244: 'argument': conversion from 'double' to 'float', possible loss of data
e:\edocuments\cis660\authoring tool\particle_framework -backup5.7 (1)\particle_framework -backup5.7\vorticity keeper\vorticity keeper\fluid_buffer3D.h(289): warning C4244: 'argument': conversion from 'double' to 'float', possible loss of data
e:\edocuments\cis660\authoring tool\particle_framework -backup5.7 (1)\particle_framework -backup5.7\vorticity keeper\vorticity keeper\fluid_buffer3D.h(291): warning C4244: 'argument': conversion from 'double' to 'float', possible loss of data
e:\edocuments\cis660\authoring tool\particle_framework -backup5.7 (1)\particle_framework -backup5.7\vorticity keeper\vorticity keeper\fluid_buffer3D.h(293): warning C4244: 'argument': conversion from 'double' to 'float', possible loss of data
e:\edocuments\cis660\authoring tool\particle_framework -backup5.7 (1)\particle_framework -backup5.7\vorticity keeper\vorticity keeper\fluid_buffer3D.h(295): warning C4244: 'argument': conversion from 'double' to 'float', possible loss of data
e:\edocuments\cis660\authoring tool\particle_framework -backup5.7 (1)\particle_framework -backup5.7\vorticity keeper\vorticity keeper\fluid_buffer3D.h(297): warning C4244: 'argument': conversion from 'double' to 'float', possible loss of data
e:\edocuments\cis660\authoring tool\particle_framework -backup5.7 (1)\particle_framework -backup5.7\vorticity keeper\vorticity keeper\fluid_buffer3D.h(301): warning C4244: 'argument': conversion from 'double' to 'float', possible loss of data
e:\edocuments\cis660\authoring tool\particle_framework -backup5.7 (1)\particle_framework -backup5.7\vorticity keeper\vorticity keeper\fluid_buffer3D.h(303): warning C4244: 'argument': conversion from 'double' to 'float', possible loss of data
e:\edocuments\cis660\authoring tool\particle_framework -backup5.7 (1)\particle_framework -backup5.7\vorticity keeper\vorticity keeper\fluid_buffer3D.h(305): warning C4244: 'argument': conversion from 'double' to 'float', possible loss of data
e:\edocuments\cis660\authoring tool\particle_framework -backup5.7 (1)\particle_framework -backup5.7\vorticity keeper\vorticity keeper\fluid_buffer3D.h(307): warning C4244: 'argument': conversion from 'double' to 'float', possible loss of data
e:\edocuments\cis660\authoring tool\particle_framework -backup5.7 (1)\particle_framework -backup5.7\vorticity keeper\vorticity keeper\fluid_buffer3D.h(309): warning C4244: 'argument': conversion from 'double' to 'float', possible loss of data
e:\edocuments\cis660\authoring tool\particle_framework -backup5.7 (1)\particle_framework -backup5.7\vorticity keeper\vorticity keeper\fluid_buffer3D.h(312): warning C4244: 'argument': conversion from 'double' to 'float', possible loss of data
e:\edocuments\cis660\authoring tool\particle_framework -backup5.7 (1)\particle_framework -backup5.7\vorticity keeper\vorticity keeper\fluid_buffer3D.h(241): warning C4244: 'argument': conversion from 'double' to 'float', possible loss of data
  e:\edocuments\cis660\authoring tool\particle_framework -backup5.7 (1)\particle_framework -backup5.7\vorticity keeper\vorticity keeper\fluid_buffer3D.h(228): note: while compiling class template member function 'float Buffer3D<float>::sample_linear(double,double,double)'
  e:\edocuments\cis660\authoring tool\particle_framework -backup5.7 (1)\particle_framework -backup5.7\vorticity keeper\vorticity keeper\fluid_particle.h(124): note: see reference to function template instantiation 'float Buffer3D<float>::sample_linear(double,double,double)' being compiled
e:\edocuments\cis660\authoring tool\particle_framework -backup5.7 (1)\particle_framework -backup5.7\vorticity keeper\vorticity keeper\fluid_buffer3D.h(242): warning C4244: 'argument': conversion from 'double' to 'float', possible loss of data
e:\edocuments\cis660\authoring tool\particle_framework -backup5.7 (1)\particle_framework -backup5.7\vorticity keeper\vorticity keeper\fluid_buffer3D.h(243): warning C4244: 'argument': conversion from 'double' to 'float', possible loss of data
e:\edocuments\cis660\authoring tool\particle_framework -backup5.7 (1)\particle_framework -backup5.7\vorticity keeper\vorticity keeper\fluid_buffer3D.h(244): warning C4244: 'argument': conversion from 'double' to 'float', possible loss of data
e:\edocuments\cis660\authoring tool\particle_framework -backup5.7 (1)\particle_framework -backup5.7\vorticity keeper\vorticity keeper\fluid_buffer3D.h(245): warning C4244: 'argument': conversion from 'double' to 'float', possible loss of data
e:\edocuments\cis660\authoring tool\particle_framework -backup5.7 (1)\particle_framework -backup5.7\vorticity keeper\vorticity keeper\fluid_buffer3D.h(246): warning C4244: 'argument': conversion from 'double' to 'float', possible loss of data
e:\edocuments\cis660\authoring tool\particle_framework -backup5.7 (1)\particle_framework -backup5.7\vorticity keeper\vorticity keeper\fluid_buffer3D.h(247): warning C4244: 'argument': conversion from 'double' to 'float', possible loss of data
e:\edocuments\cis660\authoring tool\particle_framework -backup5.7 (1)\particle_framework -backup5.7\vorticity keeper\vorticity keeper\fluid_buffer3D.h(67): warning C4018: '<': signed/unsigned mismatch
  e:\edocuments\cis660\authoring tool\particle_framework -backup5.7 (1)\particle_framework -backup5.7\vorticity keeper\vorticity keeper\fluid_buffer3D.h(46): note: while compiling class template member function 'void Buffer3D<float>::init(uint,uint,uint,double,double,double,double)'
  e:\edocuments\cis660\authoring tool\particle_framework -backup5.7 (1)\particle_framework -backup5.7\vorticity keeper\vorticity keeper\fluid_particle.h(85): note: see reference to function template instantiation 'void Buffer3D<float>::init(uint,uint,uint,double,double,double,double)' being compiled
e:\edocuments\cis660\authoring tool\particle_framework -backup5.7 (1)\particle_framework -backup5.7\vorticity keeper\vorticity keeper\fluid_buffer3D.h(71): warning C4018: '<': signed/unsigned mismatch
e:\edocuments\cis660\authoring tool\particle_framework -backup5.7 (1)\particle_framework -backup5.7\vorticity keeper\vorticity keeper\fluid_buffer3D.h(71): warning C4018: '<': signed/unsigned mismatch
e:\edocuments\cis660\authoring tool\particle_framework -backup5.7 (1)\particle_framework -backup5.7\vorticity keeper\vorticity keeper\fluid_buffer3D.h(75): warning C4018: '<': signed/unsigned mismatch
e:\edocuments\cis660\authoring tool\particle_framework -backup5.7 (1)\particle_framework -backup5.7\vorticity keeper\vorticity keeper\fluid_buffer3D.h(75): warning C4018: '<': signed/unsigned mismatch
e:\edocuments\cis660\authoring tool\particle_framework -backup5.7 (1)\particle_framework -backup5.7\vorticity keeper\vorticity keeper\fluid_buffer3D.h(75): warning C4018: '<': signed/unsigned mismatch
e:\edocuments\cis660\authoring tool\particle_framework -backup5.7 (1)\particle_framework -backup5.7\vorticity keeper\vorticity keeper\GeometricLevelGen.h(25): warning C4244: 'initializing': conversion from 'double' to 'int', possible loss of data
  e:\edocuments\cis660\authoring tool\particle_framework -backup5.7 (1)\particle_framework -backup5.7\vorticity keeper\vorticity keeper\GeometricLevelGen.h(23): note: while compiling class template member function 'void levelGen<double>::generateRP(const FixedSparseMatrix<double> &,FixedSparseMatrix<double> &,FixedSparseMatrix<double> &,int,int,int)'
  e:\edocuments\cis660\authoring tool\particle_framework -backup5.7 (1)\particle_framework -backup5.7\vorticity keeper\vorticity keeper\GeometricLevelGen.h(99): note: see reference to function template instantiation 'void levelGen<double>::generateRP(const FixedSparseMatrix<double> &,FixedSparseMatrix<double> &,FixedSparseMatrix<double> &,int,int,int)' being compiled
e:\edocuments\cis660\authoring tool\particle_framework -backup5.7 (1)\particle_framework -backup5.7\vorticity keeper\vorticity keeper\GeometricLevelGen.h(26): warning C4244: 'initializing': conversion from 'double' to 'int', possible loss of data
e:\edocuments\cis660\authoring tool\particle_framework -backup5.7 (1)\particle_framework -backup5.7\vorticity keeper\vorticity keeper\GeometricLevelGen.h(27): warning C4244: 'initializing': conversion from 'double' to 'int', possible loss of data
e:\edocuments\cis660\authoring tool\particle_framework -backup5.7 (1)\particle_framework -backup5.7\vorticity keeper\vorticity keeper\fluid_buffer3D.h(224): warning C4244: 'return': conversion from 'double' to 'float', possible loss of data
  e:\edocuments\cis660\authoring tool\particle_framework -backup5.7 (1)\particle_framework -backup5.7\vorticity keeper\vorticity keeper\fluid_buffer3D.h(223): note: while compiling class template member function 'float Buffer3D<float>::lerp(float,float,float)'
  e:\edocuments\cis660\authoring tool\particle_framework -backup5.7 (1)\particle_framework -backup5.7\vorticity keeper\vorticity keeper\fluid_buffer3D.h(345): note: see reference to function template instantiation 'float Buffer3D<float>::lerp(float,float,float)' being compiled
e:\edocuments\cis660\authoring tool\particle_framework -backup5.7 (1)\particle_framework -backup5.7\vorticity keeper\vorticity keeper\Multigrid3D.h(1433): warning C4305: 'argument': truncation from 'double' to 'float'
  e:\edocuments\cis660\authoring tool\particle_framework -backup5.7 (1)\particle_framework -backup5.7\vorticity keeper\vorticity keeper\Multigrid3D.h(1399): note: while compiling class template member function 'void gf::MultiGridSolver3D<float>::m_FullMultiGrid(Buffer3D<float> *,Buffer3D<float> *,T,T &)'
          with
          [
              T=float
          ]
  e:\edocuments\cis660\authoring tool\particle_framework -backup5.7 (1)\particle_framework -backup5.7\vorticity keeper\vorticity keeper\Smoke_solver3D.h(2849): note: see reference to function template instantiation 'void gf::MultiGridSolver3D<float>::m_FullMultiGrid(Buffer3D<float> *,Buffer3D<float> *,T,T &)' being compiled
          with
          [
              T=float
          ]
  e:\edocuments\cis660\authoring tool\particle_framework -backup5.7 (1)\particle_framework -backup5.7\vorticity keeper\vorticity keeper\Smoke_solver3D.h(188): note: see reference to class template instantiation 'gf::MultiGridSolver3D<float>' being compiled
e:\edocuments\cis660\authoring tool\particle_framework -backup5.7 (1)\particle_framework -backup5.7\vorticity keeper\vorticity keeper\Multigrid3D.h(1437): warning C4305: 'argument': truncation from 'double' to 'float'
e:\edocuments\cis660\authoring tool\particle_framework -backup5.7 (1)\particle_framework -backup5.7\vorticity keeper\vorticity keeper\Multigrid3D.h(211): warning C4244: '=': conversion from 'double' to 'float', possible loss of data
  e:\edocuments\cis660\authoring tool\particle_framework -backup5.7 (1)\particle_framework -backup5.7\vorticity keeper\vorticity keeper\Multigrid3D.h(189): note: while compiling class template member function 'void gf::MultiGridSolver3D<float>::m_applyOpenBoundaryCondition(Buffer3D<float> *,Buffer3D<float> *,T)'
          with
          [
              T=float
          ]
  e:\edocuments\cis660\authoring tool\particle_framework -backup5.7 (1)\particle_framework -backup5.7\vorticity keeper\vorticity keeper\Smoke_solver3D.h(961): note: see reference to function template instantiation 'void gf::MultiGridSolver3D<float>::m_applyOpenBoundaryCondition(Buffer3D<float> *,Buffer3D<float> *,T)' being compiled
          with
          [
              T=float
          ]
e:\edocuments\cis660\authoring tool\particle_framework -backup5.7 (1)\particle_framework -backup5.7\vorticity keeper\vorticity keeper\Multigrid3D.h(221): warning C4244: 'initializing': conversion from 'double' to 'float', possible loss of data
e:\edocuments\cis660\authoring tool\particle_framework -backup5.7 (1)\particle_framework -backup5.7\vorticity keeper\vorticity keeper\Multigrid3D.h(222): warning C4244: 'initializing': conversion from 'double' to 'float', possible loss of data
e:\edocuments\cis660\authoring tool\particle_framework -backup5.7 (1)\particle_framework -backup5.7\vorticity keeper\vorticity keeper\Multigrid3D.h(223): warning C4244: 'initializing': conversion from 'double' to 'float', possible loss of data
e:\edocuments\cis660\authoring tool\particle_framework -backup5.7 (1)\particle_framework -backup5.7\vorticity keeper\vorticity keeper\Multigrid3D.h(242): warning C4244: 'initializing': conversion from 'double' to 'float', possible loss of data
e:\edocuments\cis660\authoring tool\particle_framework -backup5.7 (1)\particle_framework -backup5.7\vorticity keeper\vorticity keeper\Multigrid3D.h(243): warning C4244: 'initializing': conversion from 'double' to 'float', possible loss of data
e:\edocuments\cis660\authoring tool\particle_framework -backup5.7 (1)\particle_framework -backup5.7\vorticity keeper\vorticity keeper\Multigrid3D.h(244): warning C4244: 'initializing': conversion from 'double' to 'float', possible loss of data
e:\edocuments\cis660\authoring tool\particle_framework -backup5.7 (1)\particle_framework -backup5.7\vorticity keeper\vorticity keeper\Multigrid3D.h(263): warning C4244: 'initializing': conversion from 'double' to 'float', possible loss of data
e:\edocuments\cis660\authoring tool\particle_framework -backup5.7 (1)\particle_framework -backup5.7\vorticity keeper\vorticity keeper\Multigrid3D.h(264): warning C4244: 'initializing': conversion from 'double' to 'float', possible loss of data
e:\edocuments\cis660\authoring tool\particle_framework -backup5.7 (1)\particle_framework -backup5.7\vorticity keeper\vorticity keeper\Multigrid3D.h(265): warning C4244: 'initializing': conversion from 'double' to 'float', possible loss of data
e:\edocuments\cis660\authoring tool\particle_framework -backup5.7 (1)\particle_framework -backup5.7\vorticity keeper\vorticity keeper\Multigrid3D.h(282): warning C4244: 'initializing': conversion from 'double' to 'float', possible loss of data
e:\edocuments\cis660\authoring tool\particle_framework -backup5.7 (1)\particle_framework -backup5.7\vorticity keeper\vorticity keeper\Multigrid3D.h(283): warning C4244: 'initializing': conversion from 'double' to 'float', possible loss of data
e:\edocuments\cis660\authoring tool\particle_framework -backup5.7 (1)\particle_framework -backup5.7\vorticity keeper\vorticity keeper\Multigrid3D.h(284): warning C4244: 'initializing': conversion from 'double' to 'float', possible loss of data
e:\edocuments\cis660\authoring tool\particle_framework -backup5.7 (1)\particle_framework -backup5.7\vorticity keeper\vorticity keeper\Multigrid3D.h(301): warning C4244: 'initializing': conversion from 'double' to 'float', possible loss of data
e:\edocuments\cis660\authoring tool\particle_framework -backup5.7 (1)\particle_framework -backup5.7\vorticity keeper\vorticity keeper\Multigrid3D.h(302): warning C4244: 'initializing': conversion from 'double' to 'float', possible loss of data
e:\edocuments\cis660\authoring tool\particle_framework -backup5.7 (1)\particle_framework -backup5.7\vorticity keeper\vorticity keeper\Multigrid3D.h(303): warning C4244: 'initializing': conversion from 'double' to 'float', possible loss of data
e:\edocuments\cis660\authoring tool\particle_framework -backup5.7 (1)\particle_framework -backup5.7\vorticity keeper\vorticity keeper\Multigrid3D.h(320): warning C4244: 'initializing': conversion from 'double' to 'float', possible loss of data
e:\edocuments\cis660\authoring tool\particle_framework -backup5.7 (1)\particle_framework -backup5.7\vorticity keeper\vorticity keeper\Multigrid3D.h(321): warning C4244: 'initializing': conversion from 'double' to 'float', possible loss of data
e:\edocuments\cis660\authoring tool\particle_framework -backup5.7 (1)\particle_framework -backup5.7\vorticity keeper\vorticity keeper\Multigrid3D.h(322): warning C4244: 'initializing': conversion from 'double' to 'float', possible loss of data
e:\edocuments\cis660\authoring tool\particle_framework -backup5.7 (1)\particle_framework -backup5.7\vorticity keeper\vorticity keeper\AlgebraicMultigrid.h(324): warning C4267: 'initializing': conversion from 'size_t' to 'unsigned int', possible loss of data
  e:\edocuments\cis660\authoring tool\particle_framework -backup5.7 (1)\particle_framework -backup5.7\vorticity keeper\vorticity keeper\Smoke_solver3D.h(591): note: see reference to function template instantiation 'bool AMGPCGSolve<double>(const FixedSparseMatrix<double> &,const std::vector<double,std::allocator<_Ty>> &,std::vector<_Ty,std::allocator<_Ty>> &,std::vector<FixedSparseMatrix<double> *,std::allocator<FixedSparseMatrix<double>>> &,std::vector<FixedSparseMatrix<double> *,std::allocator<FixedSparseMatrix<double>>> &,std::vector<FixedSparseMatrix<double> *,std::allocator<FixedSparseMatrix<double>>> &,std::vector<Vec3i,std::allocator<Vec<3,int>>> &,int,T,int,T &,int &,int,int,int)' being compiled
          with
          [
              _Ty=double,
              T=double
          ]
e:\edocuments\cis660\authoring tool\particle_framework -backup5.7 (1)\particle_framework -backup5.7\vorticity keeper\vorticity keeper\Multigrid3D.h(1040): warning C4018: '<': signed/unsigned mismatch
  e:\edocuments\cis660\authoring tool\particle_framework -backup5.7 (1)\particle_framework -backup5.7\vorticity keeper\vorticity keeper\Multigrid3D.h(846): note: while compiling class template member function 'void gf::MultiGridSolver3D<float>::m_Red_Black_Gauss(gf::uniform_grid_descriptor_3D &,Buffer3D<float> &,Buffer3D<float> &,Buffer3D<float> &,int,double)'
  e:\edocuments\cis660\authoring tool\particle_framework -backup5.7 (1)\particle_framework -backup5.7\vorticity keeper\vorticity keeper\Multigrid3D.h(1348): note: see reference to function template instantiation 'void gf::MultiGridSolver3D<float>::m_Red_Black_Gauss(gf::uniform_grid_descriptor_3D &,Buffer3D<float> &,Buffer3D<float> &,Buffer3D<float> &,int,double)' being compiled
  e:\edocuments\cis660\authoring tool\particle_framework -backup5.7 (1)\particle_framework -backup5.7\vorticity keeper\vorticity keeper\Multigrid3D.h(1333): note: while compiling class template member function 'void gf::MultiGridSolver3D<float>::m_Vcycle(Buffer3D<float> *,Buffer3D<float> *,T,T &,int)'
          with
          [
              T=float
          ]
  e:\edocuments\cis660\authoring tool\particle_framework -backup5.7 (1)\particle_framework -backup5.7\vorticity keeper\vorticity keeper\Smoke_solver3D.h(964): note: see reference to function template instantiation 'void gf::MultiGridSolver3D<float>::m_Vcycle(Buffer3D<float> *,Buffer3D<float> *,T,T &,int)' being compiled
          with
          [
              T=float
          ]
e:\edocuments\cis660\authoring tool\particle_framework -backup5.7 (1)\particle_framework -backup5.7\vorticity keeper\vorticity keeper\Multigrid3D.h(1073): warning C4244: '=': conversion from 'double' to 'float', possible loss of data
e:\edocuments\cis660\authoring tool\particle_framework -backup5.7 (1)\particle_framework -backup5.7\vorticity keeper\vorticity keeper\Multigrid3D.h(1089): warning C4018: '<': signed/unsigned mismatch
e:\edocuments\cis660\authoring tool\particle_framework -backup5.7 (1)\particle_framework -backup5.7\vorticity keeper\vorticity keeper\Multigrid3D.h(1122): warning C4244: '=': conversion from 'double' to 'float', possible loss of data
e:\edocuments\cis660\authoring tool\particle_framework -backup5.7 (1)\particle_framework -backup5.7\vorticity keeper\vorticity keeper\Multigrid3D.h(1220): warning C4018: '<': signed/unsigned mismatch
  e:\edocuments\cis660\authoring tool\particle_framework -backup5.7 (1)\particle_framework -backup5.7\vorticity keeper\vorticity keeper\Multigrid3D.h(1198): note: while compiling class template member function 'void gf::MultiGridSolver3D<float>::m_Restrict(gf::uniform_grid_descriptor_3D &,gf::uniform_grid_descriptor_3D &,Buffer3D<float> &,Buffer3D<float> &)'
  e:\edocuments\cis660\authoring tool\particle_framework -backup5.7 (1)\particle_framework -backup5.7\vorticity keeper\vorticity keeper\Multigrid3D.h(1360): note: see reference to function template instantiation 'void gf::MultiGridSolver3D<float>::m_Restrict(gf::uniform_grid_descriptor_3D &,gf::uniform_grid_descriptor_3D &,Buffer3D<float> &,Buffer3D<float> &)' being compiled
e:\edocuments\cis660\authoring tool\particle_framework -backup5.7 (1)\particle_framework -backup5.7\vorticity keeper\vorticity keeper\Multigrid3D.h(1273): warning C4018: '<': signed/unsigned mismatch
  e:\edocuments\cis660\authoring tool\particle_framework -backup5.7 (1)\particle_framework -backup5.7\vorticity keeper\vorticity keeper\Multigrid3D.h(1251): note: while compiling class template member function 'void gf::MultiGridSolver3D<float>::m_MonopleToMonopole(gf::uniform_grid_descriptor_3D &,gf::uniform_grid_descriptor_3D &,Buffer3D<float> &,Buffer3D<float> &)'
  e:\edocuments\cis660\authoring tool\particle_framework -backup5.7 (1)\particle_framework -backup5.7\vorticity keeper\vorticity keeper\Multigrid3D.h(207): note: see reference to function template instantiation 'void gf::MultiGridSolver3D<float>::m_MonopleToMonopole(gf::uniform_grid_descriptor_3D &,gf::uniform_grid_descriptor_3D &,Buffer3D<float> &,Buffer3D<float> &)' being compiled
e:\edocuments\cis660\authoring tool\particle_framework -backup5.7 (1)\particle_framework -backup5.7\vorticity keeper\vorticity keeper\Multigrid3D.h(1318): warning C4018: '<': signed/unsigned mismatch
  e:\edocuments\cis660\authoring tool\particle_framework -backup5.7 (1)\particle_framework -backup5.7\vorticity keeper\vorticity keeper\Multigrid3D.h(1303): note: while compiling class template member function 'void gf::MultiGridSolver3D<float>::m_Prolongate(gf::uniform_grid_descriptor_3D &,gf::uniform_grid_descriptor_3D &,Buffer3D<float> &,Buffer3D<float> &)'
  e:\edocuments\cis660\authoring tool\particle_framework -backup5.7 (1)\particle_framework -backup5.7\vorticity keeper\vorticity keeper\Multigrid3D.h(1368): note: see reference to function template instantiation 'void gf::MultiGridSolver3D<float>::m_Prolongate(gf::uniform_grid_descriptor_3D &,gf::uniform_grid_descriptor_3D &,Buffer3D<float> &,Buffer3D<float> &)' being compiled
e:\edocuments\cis660\authoring tool\particle_framework -backup5.7 (1)\particle_framework -backup5.7\vorticity keeper\vorticity keeper\Multigrid3D.h(1150): warning C4018: '<': signed/unsigned mismatch
  e:\edocuments\cis660\authoring tool\particle_framework -backup5.7 (1)\particle_framework -backup5.7\vorticity keeper\vorticity keeper\Multigrid3D.h(1135): note: while compiling class template member function 'void gf::MultiGridSolver3D<float>::m_ComputeResidual(gf::uniform_grid_descriptor_3D &,Buffer3D<float> &,Buffer3D<float> &,Buffer3D<float> &)'
  e:\edocuments\cis660\authoring tool\particle_framework -backup5.7 (1)\particle_framework -backup5.7\vorticity keeper\vorticity keeper\Multigrid3D.h(1355): note: see reference to function template instantiation 'void gf::MultiGridSolver3D<float>::m_ComputeResidual(gf::uniform_grid_descriptor_3D &,Buffer3D<float> &,Buffer3D<float> &,Buffer3D<float> &)' being compiled
e:\edocuments\cis660\authoring tool\particle_framework -backup5.7 (1)\particle_framework -backup5.7\vorticity keeper\vorticity keeper\Multigrid3D.h(346): warning C4244: 'initializing': conversion from 'double' to 'float', possible loss of data
  e:\edocuments\cis660\authoring tool\particle_framework -backup5.7 (1)\particle_framework -backup5.7\vorticity keeper\vorticity keeper\Multigrid3D.h(345): note: while compiling class template member function 'float gf::MultiGridSolver3D<float>::m_BarnesHutSummation(int,int,int,int,T,T,T,T,T)'
          with
          [
              T=float
          ]
  e:\edocuments\cis660\authoring tool\particle_framework -backup5.7 (1)\particle_framework -backup5.7\vorticity keeper\vorticity keeper\Multigrid3D.h(229): note: see reference to function template instantiation 'float gf::MultiGridSolver3D<float>::m_BarnesHutSummation(int,int,int,int,T,T,T,T,T)' being compiled
          with
          [
              T=float
          ]
e:\edocuments\cis660\authoring tool\particle_framework -backup5.7 (1)\particle_framework -backup5.7\vorticity keeper\vorticity keeper\Multigrid3D.h(347): warning C4244: 'initializing': conversion from 'double' to 'float', possible loss of data
e:\edocuments\cis660\authoring tool\particle_framework -backup5.7 (1)\particle_framework -backup5.7\vorticity keeper\vorticity keeper\Multigrid3D.h(348): warning C4244: 'initializing': conversion from 'double' to 'float', possible loss of data
e:\edocuments\cis660\authoring tool\particle_framework -backup5.7 (1)\particle_framework -backup5.7\vorticity keeper\vorticity keeper\Multigrid3D.h(359): warning C4244: 'return': conversion from 'double' to 'float', possible loss of data
e:\edocuments\cis660\authoring tool\particle_framework -backup5.7 (1)\particle_framework -backup5.7\vorticity keeper\vorticity keeper\Multigrid3D.h(371): warning C4244: 'argument': conversion from 'double' to 'float', possible loss of data
e:\edocuments\cis660\authoring tool\particle_framework -backup5.7 (1)\particle_framework -backup5.7\vorticity keeper\vorticity keeper\AlgebraicMultigrid.h(137): warning C4267: 'initializing': conversion from 'size_t' to 'int', possible loss of data
  e:\edocuments\cis660\authoring tool\particle_framework -backup5.7 (1)\particle_framework -backup5.7\vorticity keeper\vorticity keeper\AlgebraicMultigrid.h(186): note: see reference to function template instantiation 'void amgVCycle<double>(std::vector<FixedSparseMatrix<double> *,std::allocator<_Ty>> &,std::vector<_Ty,std::allocator<_Ty>> &,std::vector<_Ty,std::allocator<_Ty>> &,std::vector<Vec3i,std::allocator<Vec<3,int>>> &,std::vector<double,std::allocator<double>> &,const std::vector<double,std::allocator<double>> &)' being compiled
          with
          [
              _Ty=FixedSparseMatrix<double> *
          ]
  e:\edocuments\cis660\authoring tool\particle_framework -backup5.7 (1)\particle_framework -backup5.7\vorticity keeper\vorticity keeper\AlgebraicMultigrid.h(337): note: see reference to function template instantiation 'void amgPrecond<double>(std::vector<FixedSparseMatrix<double> *,std::allocator<_Ty>> &,std::vector<_Ty,std::allocator<_Ty>> &,std::vector<_Ty,std::allocator<_Ty>> &,std::vector<Vec3i,std::allocator<Vec<3,int>>> &,std::vector<double,std::allocator<double>> &,const std::vector<double,std::allocator<double>> &)' being compiled
          with
          [
              _Ty=FixedSparseMatrix<double> *
          ]
  e:\edocuments\cis660\authoring tool\particle_framework -backup5.7 (1)\particle_framework -backup5.7\vorticity keeper\vorticity keeper\Smoke_solver3D.h(591): note: see reference to function template instantiation 'bool AMGPCGSolve<double>(const FixedSparseMatrix<double> &,const std::vector<double,std::allocator<_Ty>> &,std::vector<_Ty,std::allocator<_Ty>> &,std::vector<FixedSparseMatrix<double> *,std::allocator<FixedSparseMatrix<double>>> &,std::vector<FixedSparseMatrix<double> *,std::allocator<FixedSparseMatrix<double>>> &,std::vector<FixedSparseMatrix<double> *,std::allocator<FixedSparseMatrix<double>>> &,std::vector<Vec3i,std::allocator<Vec<3,int>>> &,int,T,int,T &,int &,int,int,int)' being compiled
          with
          [
              _Ty=double,
              T=double
          ]
e:\edocuments\cis660\authoring tool\particle_framework -backup5.7 (1)\particle_framework -backup5.7\vorticity keeper\vorticity keeper\AlgebraicMultigrid.h(33): warning C4267: 'initializing': conversion from 'size_t' to 'int', possible loss of data
  e:\edocuments\cis660\authoring tool\particle_framework -backup5.7 (1)\particle_framework -backup5.7\vorticity keeper\vorticity keeper\AlgebraicMultigrid.h(155): note: see reference to function template instantiation 'void RBGS<double>(const FixedSparseMatrix<double> &,const std::vector<double,std::allocator<_Ty>> &,std::vector<_Ty,std::allocator<_Ty>> &,int,int,int,int)' being compiled
          with
          [
              _Ty=double
          ]
  e:\edocuments\cis660\authoring tool\particle_framework -backup5.7 (1)\particle_framework -backup5.7\vorticity keeper\vorticity keeper\AlgebraicMultigrid.h(186): note: see reference to function template instantiation 'void amgVCycle<double>(std::vector<FixedSparseMatrix<double> *,std::allocator<_Ty>> &,std::vector<_Ty,std::allocator<_Ty>> &,std::vector<_Ty,std::allocator<_Ty>> &,std::vector<Vec3i,std::allocator<Vec<3,int>>> &,std::vector<double,std::allocator<double>> &,const std::vector<double,std::allocator<double>> &)' being compiled
          with
          [
              _Ty=FixedSparseMatrix<double> *
          ]
e:\edocuments\cis660\authoring tool\particle_framework -backup5.7 (1)\particle_framework -backup5.7\vorticity keeper\vorticity keeper\AlgebraicMultigrid.h(34): warning C4267: 'initializing': conversion from 'size_t' to 'int', possible loss of data
e:\edocuments\cis660\authoring tool\particle_framework -backup5.7 (1)\particle_framework -backup5.7\vorticity keeper\vorticity keeper\AlgebraicMultigrid.h(43): warning C4018: '<': signed/unsigned mismatch
e:\edocuments\cis660\authoring tool\particle_framework -backup5.7 (1)\particle_framework -backup5.7\vorticity keeper\vorticity keeper\AlgebraicMultigrid.h(68): warning C4267: 'initializing': conversion from 'size_t' to 'int', possible loss of data
e:\edocuments\cis660\authoring tool\particle_framework -backup5.7 (1)\particle_framework -backup5.7\vorticity keeper\vorticity keeper\AlgebraicMultigrid.h(69): warning C4267: 'initializing': conversion from 'size_t' to 'int', possible loss of data
e:\edocuments\cis660\authoring tool\particle_framework -backup5.7 (1)\particle_framework -backup5.7\vorticity keeper\vorticity keeper\AlgebraicMultigrid.h(78): warning C4018: '<': signed/unsigned mismatch
  Generating code
  246 of 3201 functions ( 7.7%) were compiled, the rest were copied from previous compilation.
    14 functions were new in current compilation
    77 functions had inline decision re-evaluated but remain unchanged
  Finished generating code
  vorticity keeper.vcxproj -> E:\EDocuments\cis660\authoring tool\Particle_Framework -backup5.7 (1)\Particle_Framework -backup5.7\x64\Release\vorticity keeper.exe
  vorticity keeper.vcxproj -> E:\EDocuments\cis660\authoring tool\Particle_Framework -backup5.7 (1)\Particle_Framework -backup5.7\x64\Release\vorticity keeper.pdb (Full PDB)
