e:\edocuments\cis660\hw2\mayapluginhw2_vs2015update\mayapluginhw2\debug\myplugin.pdb
e:\edocuments\cis660\hw2\mayapluginhw2_vs2015update\mayapluginhw2\.debug\vec.obj
e:\edocuments\cis660\hw2\mayapluginhw2_vs2015update\mayapluginhw2\.debug\pluginmain.obj
e:\edocuments\cis660\hw2\mayapluginhw2_vs2015update\mayapluginhw2\.debug\lsystemcmd.obj
e:\edocuments\cis660\hw2\mayapluginhw2_vs2015update\mayapluginhw2\.debug\lsystem.obj
e:\edocuments\cis660\hw2\mayapluginhw2_vs2015update\mayapluginhw2\.debug\cylinder.obj
e:\edocuments\cis660\hw2\mayapluginhw2_vs2015update\mayapluginhw2\.debug\lsystemnode.obj
e:\edocuments\cis660\hw2\mayapluginhw2_vs2015update\mayapluginhw2\lsystemd.ilk
e:\edocuments\cis660\hw2\mayapluginhw2_vs2015update\mayapluginhw2\lsystemd.mll
e:\edocuments\cis660\hw2\mayapluginhw2_vs2015update\mayapluginhw2\debug\myplugin.lib
e:\edocuments\cis660\hw2\mayapluginhw2_vs2015update\mayapluginhw2\debug\myplugin.exp
e:\edocuments\cis660\hw2\mayapluginhw2_vs2015update\mayapluginhw2\x64\debug\lsystemmaya.res
e:\edocuments\cis660\hw2\mayapluginhw2_vs2015update\mayapluginhw2\x64\debug\lsystemmaya.tlog\cl.command.1.tlog
e:\edocuments\cis660\hw2\mayapluginhw2_vs2015update\mayapluginhw2\x64\debug\lsystemmaya.tlog\cl.read.1.tlog
e:\edocuments\cis660\hw2\mayapluginhw2_vs2015update\mayapluginhw2\x64\debug\lsystemmaya.tlog\cl.write.1.tlog
e:\edocuments\cis660\hw2\mayapluginhw2_vs2015update\mayapluginhw2\x64\debug\lsystemmaya.tlog\link.command.1.tlog
e:\edocuments\cis660\hw2\mayapluginhw2_vs2015update\mayapluginhw2\x64\debug\lsystemmaya.tlog\link.read.1.tlog
e:\edocuments\cis660\hw2\mayapluginhw2_vs2015update\mayapluginhw2\x64\debug\lsystemmaya.tlog\link.write.1.tlog
e:\edocuments\cis660\hw2\mayapluginhw2_vs2015update\mayapluginhw2\x64\debug\lsystemmaya.tlog\lsystemmaya.write.1u.tlog
e:\edocuments\cis660\hw2\mayapluginhw2_vs2015update\mayapluginhw2\x64\debug\lsystemmaya.tlog\rc.command.1.tlog
e:\edocuments\cis660\hw2\mayapluginhw2_vs2015update\mayapluginhw2\x64\debug\lsystemmaya.tlog\rc.read.1.tlog
e:\edocuments\cis660\hw2\mayapluginhw2_vs2015update\mayapluginhw2\x64\debug\lsystemmaya.tlog\rc.write.1.tlog
