d:\yihua\maya plugin\particle_framework - copy\particle_framework - copy\debug\myplugin.pdb
d:\yihua\maya plugin\particle_framework - copy\particle_framework - copy\.debug\vec.obj
d:\yihua\maya plugin\particle_framework - copy\particle_framework - copy\.debug\pluginmain.obj
d:\yihua\maya plugin\particle_framework - copy\particle_framework - copy\.debug\particlenode.obj
d:\yihua\maya plugin\particle_framework - copy\particle_framework - copy\.debug\lsystemcmd.obj
d:\yihua\maya plugin\particle_framework - copy\particle_framework - copy\.debug\lsystem.obj
d:\yihua\maya plugin\particle_framework - copy\particle_framework - copy\.debug\cylinder.obj
d:\yihua\maya plugin\particle_framework - copy\particle_framework - copy\particlesystemd.ilk
d:\yihua\maya plugin\particle_framework - copy\particle_framework - copy\particlesystemd.mll
d:\yihua\maya plugin\particle_framework - copy\particle_framework - copy\debug\myplugin.lib
d:\yihua\maya plugin\particle_framework - copy\particle_framework - copy\debug\myplugin.exp
d:\yihua\maya plugin\particle_framework - copy\particle_framework - copy\x64\debug\lsystemmaya.res
d:\yihua\maya plugin\particle_framework - copy\particle_framework - copy\x64\debug\vorticity keeper.ilk
d:\yihua\maya plugin\particle_framework - copy\particle_framework - copy\x64\debug\vorticity keeper.pdb
d:\yihua\maya plugin\particle_framework - copy\particle_framework - copy\x64\debug\particle.681412b0.tlog\cl.command.1.tlog
d:\yihua\maya plugin\particle_framework - copy\particle_framework - copy\x64\debug\particle.681412b0.tlog\cl.read.1.tlog
d:\yihua\maya plugin\particle_framework - copy\particle_framework - copy\x64\debug\particle.681412b0.tlog\cl.write.1.tlog
d:\yihua\maya plugin\particle_framework - copy\particle_framework - copy\x64\debug\particle.681412b0.tlog\link.command.1.tlog
d:\yihua\maya plugin\particle_framework - copy\particle_framework - copy\x64\debug\particle.681412b0.tlog\link.read.1.tlog
d:\yihua\maya plugin\particle_framework - copy\particle_framework - copy\x64\debug\particle.681412b0.tlog\link.write.1.tlog
d:\yihua\maya plugin\particle_framework - copy\particle_framework - copy\x64\debug\particle.681412b0.tlog\particlesystemmaya.write.1u.tlog
d:\yihua\maya plugin\particle_framework - copy\particle_framework - copy\x64\debug\particle.681412b0.tlog\rc.command.1.tlog
d:\yihua\maya plugin\particle_framework - copy\particle_framework - copy\x64\debug\particle.681412b0.tlog\rc.read.1.tlog
d:\yihua\maya plugin\particle_framework - copy\particle_framework - copy\x64\debug\particle.681412b0.tlog\rc.write.1.tlog
