e:\edocuments\cis660\authoring tool\particle_framework -backup5.7 (1)\particle_framework -backup5.7\release\myplugin.pdb
e:\edocuments\cis660\authoring tool\particle_framework -backup5.7 (1)\particle_framework -backup5.7\release\vec.obj
e:\edocuments\cis660\authoring tool\particle_framework -backup5.7 (1)\particle_framework -backup5.7\release\rendercmd.obj
e:\edocuments\cis660\authoring tool\particle_framework -backup5.7 (1)\particle_framework -backup5.7\release\pluginmain.obj
e:\edocuments\cis660\authoring tool\particle_framework -backup5.7 (1)\particle_framework -backup5.7\release\particlenode.obj
e:\edocuments\cis660\authoring tool\particle_framework -backup5.7 (1)\particle_framework -backup5.7\release\lsystemcmd.obj
e:\edocuments\cis660\authoring tool\particle_framework -backup5.7 (1)\particle_framework -backup5.7\release\lsystem.obj
e:\edocuments\cis660\authoring tool\particle_framework -backup5.7 (1)\particle_framework -backup5.7\release\cylinder.obj
e:\edocuments\cis660\authoring tool\particle_framework -backup5.7 (1)\particle_framework -backup5.7\lsystem.mll
e:\edocuments\cis660\authoring tool\particle_framework -backup5.7 (1)\particle_framework -backup5.7\lsystem.ipdb
e:\edocuments\cis660\authoring tool\particle_framework -backup5.7 (1)\particle_framework -backup5.7\lsystem.iobj
e:\edocuments\cis660\authoring tool\particle_framework -backup5.7 (1)\particle_framework -backup5.7\release\myplugin.lib
e:\edocuments\cis660\authoring tool\particle_framework -backup5.7 (1)\particle_framework -backup5.7\release\myplugin.exp
e:\edocuments\cis660\authoring tool\particle_framework -backup5.7 (1)\particle_framework -backup5.7\x64\release\lsystemmaya.res
e:\edocuments\cis660\authoring tool\particle_framework -backup5.7 (1)\particle_framework -backup5.7\x64\release\myplugin.vcxprojresolveassemblyreference.cache
e:\edocuments\cis660\authoring tool\particle_framework -backup5.7 (1)\particle_framework -backup5.7\x64\release\particle_renderer.ipdb
e:\edocuments\cis660\authoring tool\particle_framework -backup5.7 (1)\particle_framework -backup5.7\x64\release\vorticity keeper.ipdb
e:\edocuments\cis660\authoring tool\particle_framework -backup5.7 (1)\particle_framework -backup5.7\x64\release\particle_renderer.iobj
e:\edocuments\cis660\authoring tool\particle_framework -backup5.7 (1)\particle_framework -backup5.7\x64\release\vorticity keeper.iobj
e:\edocuments\cis660\authoring tool\particle_framework -backup5.7 (1)\particle_framework -backup5.7\x64\release\particle_renderer.pdb
e:\edocuments\cis660\authoring tool\particle_framework -backup5.7 (1)\particle_framework -backup5.7\x64\release\particle.681412b0.tlog\cl.command.1.tlog
e:\edocuments\cis660\authoring tool\particle_framework -backup5.7 (1)\particle_framework -backup5.7\x64\release\particle.681412b0.tlog\cl.read.1.tlog
e:\edocuments\cis660\authoring tool\particle_framework -backup5.7 (1)\particle_framework -backup5.7\x64\release\particle.681412b0.tlog\cl.write.1.tlog
e:\edocuments\cis660\authoring tool\particle_framework -backup5.7 (1)\particle_framework -backup5.7\x64\release\particle.681412b0.tlog\link.command.1.tlog
e:\edocuments\cis660\authoring tool\particle_framework -backup5.7 (1)\particle_framework -backup5.7\x64\release\particle.681412b0.tlog\link.read.1.tlog
e:\edocuments\cis660\authoring tool\particle_framework -backup5.7 (1)\particle_framework -backup5.7\x64\release\particle.681412b0.tlog\link.write.1.tlog
e:\edocuments\cis660\authoring tool\particle_framework -backup5.7 (1)\particle_framework -backup5.7\x64\release\particle.681412b0.tlog\particlesystemmaya.write.1u.tlog
e:\edocuments\cis660\authoring tool\particle_framework -backup5.7 (1)\particle_framework -backup5.7\x64\release\particle.681412b0.tlog\rc.command.1.tlog
e:\edocuments\cis660\authoring tool\particle_framework -backup5.7 (1)\particle_framework -backup5.7\x64\release\particle.681412b0.tlog\rc.read.1.tlog
e:\edocuments\cis660\authoring tool\particle_framework -backup5.7 (1)\particle_framework -backup5.7\x64\release\particle.681412b0.tlog\rc.write.1.tlog
