Build started 2/23/2017 1:09:26 PM.
     1>Project "D:\yihua\Documents\cis660\sigraph paper\final choose tool\code\IVOCK-master\IVOCK-master\particle_renderer\particle_renderer\particle_renderer.vcxproj" on node 2 (build target(s)).
     1>InitializeBuildStatus:
         Creating "Debug\particle_renderer.unsuccessfulbuild" because "AlwaysCreate" was specified.
       ClCompile:
         D:\download\vs10\VC\bin\CL.exe /c /ZI /nologo /W3 /WX- /Od /Oy- /D WIN32 /D _DEBUG /D _CONSOLE /D _UNICODE /D UNICODE /Gm /EHsc /RTC1 /MDd /GS /fp:precise /Zc:wchar_t /Zc:forScope /Fo"Debug\\" /Fd"Debug\vc100.pdb" /Gd /TP /analyze- /errorReport:prompt bfstream.cpp main.cpp obj_reader.cpp read_particles.cpp render.cpp shadow.cpp write_sgi.cpp
         write_sgi.cpp
     1>d:\yihua\documents\cis660\sigraph paper\final choose tool\code\ivock-master\ivock-master\particle_renderer\particle_renderer\bfstream.h(62): warning C4996: 'vsprintf': This function or variable may be unsafe. Consider using vsprintf_s instead. To disable deprecation, use _CRT_SECURE_NO_WARNINGS. See online help for details.
                 d:\download\vs10\vc\include\stdio.h(371) : see declaration of 'vsprintf'
     1>d:\yihua\documents\cis660\sigraph paper\final choose tool\code\ivock-master\ivock-master\particle_renderer\particle_renderer\bfstream.h(95): warning C4996: 'vsprintf': This function or variable may be unsafe. Consider using vsprintf_s instead. To disable deprecation, use _CRT_SECURE_NO_WARNINGS. See online help for details.
                 d:\download\vs10\vc\include\stdio.h(371) : see declaration of 'vsprintf'
     1>d:\yihua\documents\cis660\sigraph paper\final choose tool\code\ivock-master\ivock-master\particle_renderer\particle_renderer\bfstream.h(116): warning C4996: 'vsprintf': This function or variable may be unsafe. Consider using vsprintf_s instead. To disable deprecation, use _CRT_SECURE_NO_WARNINGS. See online help for details.
                 d:\download\vs10\vc\include\stdio.h(371) : see declaration of 'vsprintf'
     1>d:\yihua\documents\cis660\sigraph paper\final choose tool\code\ivock-master\ivock-master\particle_renderer\particle_renderer\bfstream.h(234): warning C4996: 'vsprintf': This function or variable may be unsafe. Consider using vsprintf_s instead. To disable deprecation, use _CRT_SECURE_NO_WARNINGS. See online help for details.
                 d:\download\vs10\vc\include\stdio.h(371) : see declaration of 'vsprintf'
     1>d:\yihua\documents\cis660\sigraph paper\final choose tool\code\ivock-master\ivock-master\particle_renderer\particle_renderer\bfstream.h(267): warning C4996: 'vsprintf': This function or variable may be unsafe. Consider using vsprintf_s instead. To disable deprecation, use _CRT_SECURE_NO_WARNINGS. See online help for details.
                 d:\download\vs10\vc\include\stdio.h(371) : see declaration of 'vsprintf'
     1>d:\yihua\documents\cis660\sigraph paper\final choose tool\code\ivock-master\ivock-master\particle_renderer\particle_renderer\bfstream.h(289): warning C4996: 'vsprintf': This function or variable may be unsafe. Consider using vsprintf_s instead. To disable deprecation, use _CRT_SECURE_NO_WARNINGS. See online help for details.
                 d:\download\vs10\vc\include\stdio.h(371) : see declaration of 'vsprintf'
         shadow.cpp
     1>d:\yihua\documents\cis660\sigraph paper\final choose tool\code\ivock-master\ivock-master\particle_renderer\particle_renderer\shadow.cpp(123): warning C4244: 'initializing' : conversion from 'double' to 'float', possible loss of data
         render.cpp
         read_particles.cpp
     1>d:\yihua\documents\cis660\sigraph paper\final choose tool\code\ivock-master\ivock-master\particle_renderer\particle_renderer\bfstream.h(62): warning C4996: 'vsprintf': This function or variable may be unsafe. Consider using vsprintf_s instead. To disable deprecation, use _CRT_SECURE_NO_WARNINGS. See online help for details.
                 d:\download\vs10\vc\include\stdio.h(371) : see declaration of 'vsprintf'
     1>d:\yihua\documents\cis660\sigraph paper\final choose tool\code\ivock-master\ivock-master\particle_renderer\particle_renderer\bfstream.h(95): warning C4996: 'vsprintf': This function or variable may be unsafe. Consider using vsprintf_s instead. To disable deprecation, use _CRT_SECURE_NO_WARNINGS. See online help for details.
                 d:\download\vs10\vc\include\stdio.h(371) : see declaration of 'vsprintf'
     1>d:\yihua\documents\cis660\sigraph paper\final choose tool\code\ivock-master\ivock-master\particle_renderer\particle_renderer\bfstream.h(116): warning C4996: 'vsprintf': This function or variable may be unsafe. Consider using vsprintf_s instead. To disable deprecation, use _CRT_SECURE_NO_WARNINGS. See online help for details.
                 d:\download\vs10\vc\include\stdio.h(371) : see declaration of 'vsprintf'
     1>d:\yihua\documents\cis660\sigraph paper\final choose tool\code\ivock-master\ivock-master\particle_renderer\particle_renderer\bfstream.h(234): warning C4996: 'vsprintf': This function or variable may be unsafe. Consider using vsprintf_s instead. To disable deprecation, use _CRT_SECURE_NO_WARNINGS. See online help for details.
                 d:\download\vs10\vc\include\stdio.h(371) : see declaration of 'vsprintf'
     1>d:\yihua\documents\cis660\sigraph paper\final choose tool\code\ivock-master\ivock-master\particle_renderer\particle_renderer\bfstream.h(267): warning C4996: 'vsprintf': This function or variable may be unsafe. Consider using vsprintf_s instead. To disable deprecation, use _CRT_SECURE_NO_WARNINGS. See online help for details.
                 d:\download\vs10\vc\include\stdio.h(371) : see declaration of 'vsprintf'
     1>d:\yihua\documents\cis660\sigraph paper\final choose tool\code\ivock-master\ivock-master\particle_renderer\particle_renderer\bfstream.h(289): warning C4996: 'vsprintf': This function or variable may be unsafe. Consider using vsprintf_s instead. To disable deprecation, use _CRT_SECURE_NO_WARNINGS. See online help for details.
                 d:\download\vs10\vc\include\stdio.h(371) : see declaration of 'vsprintf'
     1>d:\yihua\documents\cis660\sigraph paper\final choose tool\code\ivock-master\ivock-master\particle_renderer\particle_renderer\read_particles.cpp(21): warning C4996: 'vsprintf': This function or variable may be unsafe. Consider using vsprintf_s instead. To disable deprecation, use _CRT_SECURE_NO_WARNINGS. See online help for details.
                 d:\download\vs10\vc\include\stdio.h(371) : see declaration of 'vsprintf'
     1>d:\yihua\documents\cis660\sigraph paper\final choose tool\code\ivock-master\ivock-master\particle_renderer\particle_renderer\read_particles.cpp(23): warning C4996: 'fopen': This function or variable may be unsafe. Consider using fopen_s instead. To disable deprecation, use _CRT_SECURE_NO_WARNINGS. See online help for details.
                 d:\download\vs10\vc\include\stdio.h(234) : see declaration of 'fopen'
     1>d:\yihua\documents\cis660\sigraph paper\final choose tool\code\ivock-master\ivock-master\particle_renderer\particle_renderer\read_particles.cpp(60): warning C4018: '<' : signed/unsigned mismatch
         obj_reader.cpp
     1>d:\yihua\documents\cis660\sigraph paper\final choose tool\code\ivock-master\ivock-master\particle_renderer\particle_renderer\obj_reader.cpp(49): warning C4018: '<' : signed/unsigned mismatch
     1>d:\yihua\documents\cis660\sigraph paper\final choose tool\code\ivock-master\ivock-master\particle_renderer\particle_renderer\obj_reader.cpp(55): warning C4018: '<' : signed/unsigned mismatch
     1>d:\yihua\documents\cis660\sigraph paper\final choose tool\code\ivock-master\ivock-master\particle_renderer\particle_renderer\obj_reader.cpp(62): warning C4018: '<' : signed/unsigned mismatch
     1>d:\yihua\documents\cis660\sigraph paper\final choose tool\code\ivock-master\ivock-master\particle_renderer\particle_renderer\obj_reader.cpp(100): warning C4018: '<' : signed/unsigned mismatch
         main.cpp
     1>d:\yihua\documents\cis660\sigraph paper\final choose tool\code\ivock-master\ivock-master\particle_renderer\particle_renderer\main.cpp(32): warning C4996: 'sscanf': This function or variable may be unsafe. Consider using sscanf_s instead. To disable deprecation, use _CRT_SECURE_NO_WARNINGS. See online help for details.
                 d:\download\vs10\vc\include\stdio.h(325) : see declaration of 'sscanf'
     1>d:\yihua\documents\cis660\sigraph paper\final choose tool\code\ivock-master\ivock-master\particle_renderer\particle_renderer\main.cpp(33): warning C4996: 'sscanf': This function or variable may be unsafe. Consider using sscanf_s instead. To disable deprecation, use _CRT_SECURE_NO_WARNINGS. See online help for details.
                 d:\download\vs10\vc\include\stdio.h(325) : see declaration of 'sscanf'
     1>d:\yihua\documents\cis660\sigraph paper\final choose tool\code\ivock-master\ivock-master\particle_renderer\particle_renderer\main.cpp(34): warning C4996: 'sscanf': This function or variable may be unsafe. Consider using sscanf_s instead. To disable deprecation, use _CRT_SECURE_NO_WARNINGS. See online help for details.
                 d:\download\vs10\vc\include\stdio.h(325) : see declaration of 'sscanf'
     1>d:\yihua\documents\cis660\sigraph paper\final choose tool\code\ivock-master\ivock-master\particle_renderer\particle_renderer\main.cpp(35): warning C4996: 'sscanf': This function or variable may be unsafe. Consider using sscanf_s instead. To disable deprecation, use _CRT_SECURE_NO_WARNINGS. See online help for details.
                 d:\download\vs10\vc\include\stdio.h(325) : see declaration of 'sscanf'
     1>d:\yihua\documents\cis660\sigraph paper\final choose tool\code\ivock-master\ivock-master\particle_renderer\particle_renderer\main.cpp(36): warning C4996: 'sscanf': This function or variable may be unsafe. Consider using sscanf_s instead. To disable deprecation, use _CRT_SECURE_NO_WARNINGS. See online help for details.
                 d:\download\vs10\vc\include\stdio.h(325) : see declaration of 'sscanf'
     1>d:\yihua\documents\cis660\sigraph paper\final choose tool\code\ivock-master\ivock-master\particle_renderer\particle_renderer\main.cpp(37): warning C4996: 'sscanf': This function or variable may be unsafe. Consider using sscanf_s instead. To disable deprecation, use _CRT_SECURE_NO_WARNINGS. See online help for details.
                 d:\download\vs10\vc\include\stdio.h(325) : see declaration of 'sscanf'
     1>d:\yihua\documents\cis660\sigraph paper\final choose tool\code\ivock-master\ivock-master\particle_renderer\particle_renderer\main.cpp(41): warning C4996: 'sscanf': This function or variable may be unsafe. Consider using sscanf_s instead. To disable deprecation, use _CRT_SECURE_NO_WARNINGS. See online help for details.
                 d:\download\vs10\vc\include\stdio.h(325) : see declaration of 'sscanf'
     1>d:\yihua\documents\cis660\sigraph paper\final choose tool\code\ivock-master\ivock-master\particle_renderer\particle_renderer\main.cpp(42): warning C4996: 'sscanf': This function or variable may be unsafe. Consider using sscanf_s instead. To disable deprecation, use _CRT_SECURE_NO_WARNINGS. See online help for details.
                 d:\download\vs10\vc\include\stdio.h(325) : see declaration of 'sscanf'
     1>d:\yihua\documents\cis660\sigraph paper\final choose tool\code\ivock-master\ivock-master\particle_renderer\particle_renderer\main.cpp(43): warning C4996: 'sscanf': This function or variable may be unsafe. Consider using sscanf_s instead. To disable deprecation, use _CRT_SECURE_NO_WARNINGS. See online help for details.
                 d:\download\vs10\vc\include\stdio.h(325) : see declaration of 'sscanf'
     1>d:\yihua\documents\cis660\sigraph paper\final choose tool\code\ivock-master\ivock-master\particle_renderer\particle_renderer\main.cpp(73): warning C4244: 'initializing' : conversion from 'double' to 'float', possible loss of data
     1>d:\yihua\documents\cis660\sigraph paper\final choose tool\code\ivock-master\ivock-master\particle_renderer\particle_renderer\main.cpp(74): warning C4244: 'initializing' : conversion from 'double' to 'float', possible loss of data
     1>d:\yihua\documents\cis660\sigraph paper\final choose tool\code\ivock-master\ivock-master\particle_renderer\particle_renderer\main.cpp(75): warning C4244: 'initializing' : conversion from 'double' to 'float', possible loss of data
     1>d:\yihua\documents\cis660\sigraph paper\final choose tool\code\ivock-master\ivock-master\particle_renderer\particle_renderer\main.cpp(78): warning C4244: 'argument' : conversion from 'double' to 'float', possible loss of data
     1>d:\yihua\documents\cis660\sigraph paper\final choose tool\code\ivock-master\ivock-master\particle_renderer\particle_renderer\main.cpp(94): warning C4996: 'sprintf': This function or variable may be unsafe. Consider using sprintf_s instead. To disable deprecation, use _CRT_SECURE_NO_WARNINGS. See online help for details.
                 d:\download\vs10\vc\include\stdio.h(371) : see declaration of 'sprintf'
     1>d:\yihua\documents\cis660\sigraph paper\final choose tool\code\ivock-master\ivock-master\particle_renderer\particle_renderer\main.cpp(96): warning C4996: 'fopen': This function or variable may be unsafe. Consider using fopen_s instead. To disable deprecation, use _CRT_SECURE_NO_WARNINGS. See online help for details.
                 d:\download\vs10\vc\include\stdio.h(234) : see declaration of 'fopen'
     1>d:\yihua\documents\cis660\sigraph paper\final choose tool\code\ivock-master\ivock-master\particle_renderer\particle_renderer\main.cpp(106): warning C4018: '<' : signed/unsigned mismatch
     1>d:\yihua\documents\cis660\sigraph paper\final choose tool\code\ivock-master\ivock-master\particle_renderer\particle_renderer\main.cpp(113): warning C4305: 'argument' : truncation from 'double' to 'float'
     1>d:\yihua\documents\cis660\sigraph paper\final choose tool\code\ivock-master\ivock-master\particle_renderer\particle_renderer\main.cpp(113): warning C4305: 'argument' : truncation from 'double' to 'float'
     1>d:\yihua\documents\cis660\sigraph paper\final choose tool\code\ivock-master\ivock-master\particle_renderer\particle_renderer\main.cpp(114): warning C4305: 'argument' : truncation from 'double' to 'float'
     1>d:\yihua\documents\cis660\sigraph paper\final choose tool\code\ivock-master\ivock-master\particle_renderer\particle_renderer\main.cpp(114): warning C4305: 'argument' : truncation from 'double' to 'float'
     1>d:\yihua\documents\cis660\sigraph paper\final choose tool\code\ivock-master\ivock-master\particle_renderer\particle_renderer\main.cpp(114): warning C4305: 'argument' : truncation from 'double' to 'float'
     1>d:\yihua\documents\cis660\sigraph paper\final choose tool\code\ivock-master\ivock-master\particle_renderer\particle_renderer\main.cpp(124): warning C4244: 'initializing' : conversion from 'double' to 'float', possible loss of data
     1>d:\yihua\documents\cis660\sigraph paper\final choose tool\code\ivock-master\ivock-master\particle_renderer\particle_renderer\main.cpp(125): warning C4305: 'initializing' : truncation from 'double' to 'float'
     1>d:\yihua\documents\cis660\sigraph paper\final choose tool\code\ivock-master\ivock-master\particle_renderer\particle_renderer\main.cpp(127): warning C4305: 'argument' : truncation from 'double' to 'float'
     1>d:\yihua\documents\cis660\sigraph paper\final choose tool\code\ivock-master\ivock-master\particle_renderer\particle_renderer\main.cpp(127): warning C4305: 'argument' : truncation from 'double' to 'float'
     1>d:\yihua\documents\cis660\sigraph paper\final choose tool\code\ivock-master\ivock-master\particle_renderer\particle_renderer\main.cpp(127): warning C4305: 'argument' : truncation from 'double' to 'float'
     1>d:\yihua\documents\cis660\sigraph paper\final choose tool\code\ivock-master\ivock-master\particle_renderer\particle_renderer\main.cpp(128): warning C4305: 'argument' : truncation from 'double' to 'float'
     1>d:\yihua\documents\cis660\sigraph paper\final choose tool\code\ivock-master\ivock-master\particle_renderer\particle_renderer\main.cpp(128): warning C4305: 'argument' : truncation from 'double' to 'float'
     1>d:\yihua\documents\cis660\sigraph paper\final choose tool\code\ivock-master\ivock-master\particle_renderer\particle_renderer\main.cpp(128): warning C4305: 'argument' : truncation from 'double' to 'float'
     1>d:\yihua\documents\cis660\sigraph paper\final choose tool\code\ivock-master\ivock-master\particle_renderer\particle_renderer\main.cpp(157): warning C4305: 'argument' : truncation from 'double' to 'float'
     1>d:\yihua\documents\cis660\sigraph paper\final choose tool\code\ivock-master\ivock-master\particle_renderer\particle_renderer\main.cpp(157): warning C4305: 'argument' : truncation from 'double' to 'float'
         bfstream.cpp
     1>d:\yihua\documents\cis660\sigraph paper\final choose tool\code\ivock-master\ivock-master\particle_renderer\particle_renderer\bfstream.h(62): warning C4996: 'vsprintf': This function or variable may be unsafe. Consider using vsprintf_s instead. To disable deprecation, use _CRT_SECURE_NO_WARNINGS. See online help for details.
                 d:\download\vs10\vc\include\stdio.h(371) : see declaration of 'vsprintf'
     1>d:\yihua\documents\cis660\sigraph paper\final choose tool\code\ivock-master\ivock-master\particle_renderer\particle_renderer\bfstream.h(95): warning C4996: 'vsprintf': This function or variable may be unsafe. Consider using vsprintf_s instead. To disable deprecation, use _CRT_SECURE_NO_WARNINGS. See online help for details.
                 d:\download\vs10\vc\include\stdio.h(371) : see declaration of 'vsprintf'
     1>d:\yihua\documents\cis660\sigraph paper\final choose tool\code\ivock-master\ivock-master\particle_renderer\particle_renderer\bfstream.h(116): warning C4996: 'vsprintf': This function or variable may be unsafe. Consider using vsprintf_s instead. To disable deprecation, use _CRT_SECURE_NO_WARNINGS. See online help for details.
                 d:\download\vs10\vc\include\stdio.h(371) : see declaration of 'vsprintf'
     1>d:\yihua\documents\cis660\sigraph paper\final choose tool\code\ivock-master\ivock-master\particle_renderer\particle_renderer\bfstream.h(234): warning C4996: 'vsprintf': This function or variable may be unsafe. Consider using vsprintf_s instead. To disable deprecation, use _CRT_SECURE_NO_WARNINGS. See online help for details.
                 d:\download\vs10\vc\include\stdio.h(371) : see declaration of 'vsprintf'
     1>d:\yihua\documents\cis660\sigraph paper\final choose tool\code\ivock-master\ivock-master\particle_renderer\particle_renderer\bfstream.h(267): warning C4996: 'vsprintf': This function or variable may be unsafe. Consider using vsprintf_s instead. To disable deprecation, use _CRT_SECURE_NO_WARNINGS. See online help for details.
                 d:\download\vs10\vc\include\stdio.h(371) : see declaration of 'vsprintf'
     1>d:\yihua\documents\cis660\sigraph paper\final choose tool\code\ivock-master\ivock-master\particle_renderer\particle_renderer\bfstream.h(289): warning C4996: 'vsprintf': This function or variable may be unsafe. Consider using vsprintf_s instead. To disable deprecation, use _CRT_SECURE_NO_WARNINGS. See online help for details.
                 d:\download\vs10\vc\include\stdio.h(371) : see declaration of 'vsprintf'
     1>d:\yihua\documents\cis660\sigraph paper\final choose tool\code\ivock-master\ivock-master\particle_renderer\particle_renderer\bfstream.cpp(4): warning C4800: 'int' : forcing value to bool 'true' or 'false' (performance warning)
         Generating Code...
       ManifestResourceCompile:
         C:\Program Files (x86)\Microsoft SDKs\Windows\v7.0A\bin\rc.exe /nologo /fo"Debug\particle_renderer.exe.embed.manifest.res" Debug\particle_renderer_manifest.rc 
       Link:
         D:\download\vs10\VC\bin\link.exe /ERRORREPORT:PROMPT /OUT:"D:\yihua\Documents\cis660\sigraph paper\final choose tool\code\IVOCK-master\IVOCK-master\particle_renderer\particle_renderer\Debug\particle_renderer.exe" /INCREMENTAL /NOLOGO kernel32.lib user32.lib gdi32.lib winspool.lib comdlg32.lib advapi32.lib shell32.lib ole32.lib oleaut32.lib uuid.lib odbc32.lib odbccp32.lib /MANIFEST /ManifestFile:"Debug\particle_renderer.exe.intermediate.manifest" /MANIFESTUAC:"level='asInvoker' uiAccess='false'" /DEBUG /PDB:"D:\yihua\Documents\cis660\sigraph paper\final choose tool\code\IVOCK-master\IVOCK-master\particle_renderer\particle_renderer\Debug\particle_renderer.pdb" /SUBSYSTEM:CONSOLE /TLBID:1 /DYNAMICBASE /NXCOMPAT /IMPLIB:"D:\yihua\Documents\cis660\sigraph paper\final choose tool\code\IVOCK-master\IVOCK-master\particle_renderer\particle_renderer\Debug\particle_renderer.lib" /MACHINE:X86 Debug\particle_renderer.exe.embed.manifest.res
         Debug\bfstream.obj
         Debug\main.obj
         Debug\obj_reader.obj
         Debug\read_particles.obj
         Debug\render.obj
         Debug\shadow.obj
         Debug\write_sgi.obj
       Manifest:
         C:\Program Files (x86)\Microsoft SDKs\Windows\v7.0A\bin\mt.exe /nologo /verbose /out:"Debug\particle_renderer.exe.embed.manifest" /manifest Debug\particle_renderer.exe.intermediate.manifest
         C:\Program Files (x86)\Microsoft SDKs\Windows\v7.0A\bin\rc.exe /nologo /fo"Debug\particle_renderer.exe.embed.manifest.res" Debug\particle_renderer_manifest.rc 
       LinkEmbedManifest:
         D:\download\vs10\VC\bin\link.exe /ERRORREPORT:PROMPT /OUT:"D:\yihua\Documents\cis660\sigraph paper\final choose tool\code\IVOCK-master\IVOCK-master\particle_renderer\particle_renderer\Debug\particle_renderer.exe" /INCREMENTAL /NOLOGO kernel32.lib user32.lib gdi32.lib winspool.lib comdlg32.lib advapi32.lib shell32.lib ole32.lib oleaut32.lib uuid.lib odbc32.lib odbccp32.lib /MANIFEST /ManifestFile:"Debug\particle_renderer.exe.intermediate.manifest" /MANIFESTUAC:"level='asInvoker' uiAccess='false'" /DEBUG /PDB:"D:\yihua\Documents\cis660\sigraph paper\final choose tool\code\IVOCK-master\IVOCK-master\particle_renderer\particle_renderer\Debug\particle_renderer.pdb" /SUBSYSTEM:CONSOLE /TLBID:1 /DYNAMICBASE /NXCOMPAT /IMPLIB:"D:\yihua\Documents\cis660\sigraph paper\final choose tool\code\IVOCK-master\IVOCK-master\particle_renderer\particle_renderer\Debug\particle_renderer.lib" /MACHINE:X86 Debug\particle_renderer.exe.embed.manifest.res
         Debug\bfstream.obj
         Debug\main.obj
         Debug\obj_reader.obj
         Debug\read_particles.obj
         Debug\render.obj
         Debug\shadow.obj
         Debug\write_sgi.obj
         particle_renderer.vcxproj -> D:\yihua\Documents\cis660\sigraph paper\final choose tool\code\IVOCK-master\IVOCK-master\particle_renderer\particle_renderer\Debug\particle_renderer.exe
       FinalizeBuildStatus:
         Deleting file "Debug\particle_renderer.unsuccessfulbuild".
         Touching "Debug\particle_renderer.lastbuildstate".
     1>Done Building Project "D:\yihua\Documents\cis660\sigraph paper\final choose tool\code\IVOCK-master\IVOCK-master\particle_renderer\particle_renderer\particle_renderer.vcxproj" (build target(s)).

Build succeeded.

Time Elapsed 00:00:03.93
